2022-11-06 20:54:11,581 [Worker-4: Loading available Gradle versions] INFO  o.e.b.c.i.u.g.PublishedGradleVersions - Gradle version information cache is up-to-date. Trying to read.
2022-11-06 20:56:09,158 [Worker-8: Import Getting Started Content] INFO  o.e.m.c.i.l.LifecycleMappingFactory - Using org.maven.ide.eclipse.wtp.WarLifecycleMapping lifecycle mapping for MavenProject: com.codingdojo.languages:languages:0.0.1-SNAPSHOT @ C:\Users\ÇÈÏÇÚ\Desktop\Languages\languages\pom.xml.
2022-11-06 20:56:14,513 [Worker-8: Import Getting Started Content] INFO  o.e.m.j.i.AbstractJavaProjectConfigurator - Adding source folder /languages/src/main/java
2022-11-06 20:56:14,514 [Worker-8: Import Getting Started Content] INFO  o.e.m.j.i.AbstractJavaProjectConfigurator - Adding resource folder /languages/src/main/resources
2022-11-06 20:56:14,850 [Worker-8: Import Getting Started Content] INFO  o.e.m.j.i.AbstractJavaProjectConfigurator - Adding resource folder /languages/src/main/resources
2022-11-06 20:56:14,960 [Worker-8: Import Getting Started Content] INFO  o.e.m.j.i.AbstractJavaProjectConfigurator - Adding source folder /languages/src/test/java
2022-11-06 20:56:23,801 [Worker-8: Import Getting Started Content] INFO  o.e.m.c.i.p.ProjectConfigurationManager - Imported and configured 1 project(s) in 19 sec
2022-11-06 20:56:23,810 [Worker-8: Import Getting Started Content] INFO  o.e.m.c.i.p.ProjectConfigurationManager - Update started
2022-11-06 20:56:24,672 [Worker-8: Import Getting Started Content] INFO  o.e.m.c.i.l.LifecycleMappingFactory - Using org.maven.ide.eclipse.wtp.WarLifecycleMapping lifecycle mapping for MavenProject: com.codingdojo.languages:languages:0.0.1-SNAPSHOT @ C:\Users\ÇÈÏÇÚ\Desktop\Languages\languages\pom.xml.
2022-11-06 20:56:27,109 [Worker-8: Import Getting Started Content] INFO  o.e.m.j.i.AbstractJavaProjectConfigurator - Adding source folder /languages/src/main/java
2022-11-06 20:56:27,110 [Worker-8: Import Getting Started Content] INFO  o.e.m.j.i.AbstractJavaProjectConfigurator - Adding resource folder /languages/src/main/resources
2022-11-06 20:56:27,112 [Worker-8: Import Getting Started Content] INFO  o.e.m.j.i.AbstractJavaProjectConfigurator - Adding resource folder /languages/src/main/resources
2022-11-06 20:56:27,114 [Worker-8: Import Getting Started Content] INFO  o.e.m.j.i.AbstractJavaProjectConfigurator - Adding source folder /languages/src/test/java
2022-11-06 20:56:30,470 [Worker-8: Import Getting Started Content] INFO  o.e.m.w.i.f.ResourceFilteringBuildParticipant - Cleaning filtered folder for languages
2022-11-06 20:56:30,808 [Worker-8: Import Getting Started Content] INFO  o.e.m.c.i.p.ProjectConfigurationManager - Update completed: 6 sec
2022-11-06 20:56:41,077 [Worker-3: Building] INFO  o.e.m.c.i.embedder.EclipseLogger - Using 'UTF-8' encoding to copy filtered resources.
2022-11-06 20:56:41,078 [Worker-3: Building] INFO  o.e.m.c.i.embedder.EclipseLogger - Using 'UTF-8' encoding to copy filtered properties files.
2022-11-06 20:56:41,087 [Worker-3: Building] INFO  o.e.m.c.i.embedder.EclipseLogger - Copying 1 resource
2022-11-06 20:56:41,150 [Worker-3: Building] INFO  o.e.m.c.i.embedder.EclipseLogger - Copying 0 resource
2022-11-06 20:56:41,158 [Worker-3: Building] INFO  o.e.m.c.i.embedder.EclipseLogger - Using 'UTF-8' encoding to copy filtered resources.
2022-11-06 20:56:41,158 [Worker-3: Building] INFO  o.e.m.c.i.embedder.EclipseLogger - Using 'UTF-8' encoding to copy filtered properties files.
2022-11-06 20:56:41,158 [Worker-3: Building] INFO  o.e.m.c.i.embedder.EclipseLogger - skip non existing resourceDirectory C:\Users\ÇÈÏÇÚ\Desktop\Languages\languages\src\test\resources
2022-11-06 20:56:41,159 [Worker-3: Building] INFO  o.e.m.w.i.f.ResourceFilteringBuildParticipant - Changed resources require a complete clean of filtered resources of languages
2022-11-06 20:56:41,160 [Worker-3: Building] INFO  o.e.m.w.i.f.ResourceFilteringBuildParticipant - Executing resource filtering for languages
2022-11-06 20:56:41,171 [Worker-3: Building] INFO  o.e.m.c.i.embedder.EclipseLogger - Using 'UTF-8' encoding to copy filtered resources.
2022-11-06 20:56:41,172 [Worker-3: Building] INFO  o.e.m.c.i.embedder.EclipseLogger - Using 'UTF-8' encoding to copy filtered properties files.
2022-11-06 20:57:50,153 [Worker-8: Building] INFO  o.e.m.c.i.l.LifecycleMappingFactory - Using org.maven.ide.eclipse.wtp.WarLifecycleMapping lifecycle mapping for MavenProject: com.codingdojo.languages:languages:0.0.1-SNAPSHOT @ C:\Users\ÇÈÏÇÚ\Desktop\Languages\languages\pom.xml.
2022-11-06 20:57:50,827 [Worker-8: Building] WARN  o.e.m.c.i.embedder.EclipseLogger - The artifact mysql:mysql-connector-java:jar:8.0.31 has been relocated to com.mysql:mysql-connector-j:jar:8.0.31: MySQL Connector/J artifacts moved to reverse-DNS compliant Maven 2+ coordinates.
2022-11-06 20:57:50,906 [Worker-8: Building] WARN  o.e.m.c.i.embedder.EclipseLogger - The artifact mysql:mysql-connector-java:jar:8.0.31 has been relocated to com.mysql:mysql-connector-j:jar:8.0.31: MySQL Connector/J artifacts moved to reverse-DNS compliant Maven 2+ coordinates.
2022-11-06 20:57:52,580 [Worker-8: Building] INFO  o.e.m.c.i.embedder.EclipseLogger - Using 'UTF-8' encoding to copy filtered resources.
2022-11-06 20:57:52,581 [Worker-8: Building] INFO  o.e.m.c.i.embedder.EclipseLogger - Using 'UTF-8' encoding to copy filtered properties files.
2022-11-06 20:57:52,587 [Worker-8: Building] INFO  o.e.m.c.i.embedder.EclipseLogger - Copying 0 resource
2022-11-06 20:57:52,588 [Worker-8: Building] INFO  o.e.m.c.i.embedder.EclipseLogger - Copying 0 resource
2022-11-06 20:57:52,595 [Worker-8: Building] INFO  o.e.m.c.i.embedder.EclipseLogger - Using 'UTF-8' encoding to copy filtered resources.
2022-11-06 20:57:52,595 [Worker-8: Building] INFO  o.e.m.c.i.embedder.EclipseLogger - Using 'UTF-8' encoding to copy filtered properties files.
2022-11-06 20:57:52,596 [Worker-8: Building] INFO  o.e.m.c.i.embedder.EclipseLogger - skip non existing resourceDirectory C:\Users\ÇÈÏÇÚ\Desktop\Languages\languages\src\test\resources
2022-11-06 20:57:52,657 [Worker-8: Building] INFO  o.e.m.w.i.f.ResourceFilteringBuildParticipant - Changed resources require a complete clean of filtered resources of languages
2022-11-06 20:57:52,658 [Worker-8: Building] INFO  o.e.m.w.i.f.ResourceFilteringBuildParticipant - Executing resource filtering for languages
2022-11-06 20:57:52,666 [Worker-8: Building] INFO  o.e.m.c.i.embedder.EclipseLogger - Using 'UTF-8' encoding to copy filtered resources.
2022-11-06 20:57:52,667 [Worker-8: Building] INFO  o.e.m.c.i.embedder.EclipseLogger - Using 'UTF-8' encoding to copy filtered properties files.
2022-11-06 20:57:54,348 [Worker-7: Building] INFO  o.e.m.c.i.embedder.EclipseLogger - Using 'UTF-8' encoding to copy filtered resources.
2022-11-06 20:57:54,348 [Worker-7: Building] INFO  o.e.m.c.i.embedder.EclipseLogger - Using 'UTF-8' encoding to copy filtered properties files.
2022-11-06 20:57:54,352 [Worker-7: Building] INFO  o.e.m.c.i.embedder.EclipseLogger - Copying 1 resource
2022-11-06 20:57:54,378 [Worker-7: Building] INFO  o.e.m.c.i.embedder.EclipseLogger - Copying 0 resource
2022-11-06 20:57:54,385 [Worker-7: Building] INFO  o.e.m.c.i.embedder.EclipseLogger - Using 'UTF-8' encoding to copy filtered resources.
2022-11-06 20:57:54,385 [Worker-7: Building] INFO  o.e.m.c.i.embedder.EclipseLogger - Using 'UTF-8' encoding to copy filtered properties files.
2022-11-06 20:57:54,385 [Worker-7: Building] INFO  o.e.m.c.i.embedder.EclipseLogger - skip non existing resourceDirectory C:\Users\ÇÈÏÇÚ\Desktop\Languages\languages\src\test\resources
2022-11-06 20:59:40,960 [Worker-3: Building] INFO  o.e.m.c.i.embedder.EclipseLogger - Using 'UTF-8' encoding to copy filtered resources.
2022-11-06 20:59:40,960 [Worker-3: Building] INFO  o.e.m.c.i.embedder.EclipseLogger - Using 'UTF-8' encoding to copy filtered properties files.
2022-11-06 20:59:40,963 [Worker-3: Building] INFO  o.e.m.c.i.embedder.EclipseLogger - Copying 1 resource
2022-11-06 20:59:41,054 [Worker-3: Building] INFO  o.e.m.c.i.embedder.EclipseLogger - Copying 0 resource
2022-11-06 20:59:41,065 [Worker-3: Building] INFO  o.e.m.c.i.embedder.EclipseLogger - Using 'UTF-8' encoding to copy filtered resources.
2022-11-06 20:59:41,066 [Worker-3: Building] INFO  o.e.m.c.i.embedder.EclipseLogger - Using 'UTF-8' encoding to copy filtered properties files.
2022-11-06 20:59:41,066 [Worker-3: Building] INFO  o.e.m.c.i.embedder.EclipseLogger - skip non existing resourceDirectory C:\Users\ÇÈÏÇÚ\Desktop\Languages\languages\src\test\resources
2022-11-06 21:00:11,132 [Worker-3: Building] INFO  o.e.m.c.i.embedder.EclipseLogger - Using 'UTF-8' encoding to copy filtered resources.
2022-11-06 21:00:11,132 [Worker-3: Building] INFO  o.e.m.c.i.embedder.EclipseLogger - Using 'UTF-8' encoding to copy filtered properties files.
2022-11-06 21:00:11,135 [Worker-3: Building] INFO  o.e.m.c.i.embedder.EclipseLogger - Copying 1 resource
2022-11-06 21:00:11,158 [Worker-3: Building] INFO  o.e.m.c.i.embedder.EclipseLogger - Copying 0 resource
2022-11-06 21:00:11,166 [Worker-3: Building] INFO  o.e.m.c.i.embedder.EclipseLogger - Using 'UTF-8' encoding to copy filtered resources.
2022-11-06 21:00:11,166 [Worker-3: Building] INFO  o.e.m.c.i.embedder.EclipseLogger - Using 'UTF-8' encoding to copy filtered properties files.
2022-11-06 21:00:11,166 [Worker-3: Building] INFO  o.e.m.c.i.embedder.EclipseLogger - skip non existing resourceDirectory C:\Users\ÇÈÏÇÚ\Desktop\Languages\languages\src\test\resources
2022-11-06 21:00:35,920 [Worker-10: Building] INFO  o.e.m.c.i.embedder.EclipseLogger - Using 'UTF-8' encoding to copy filtered resources.
2022-11-06 21:00:35,920 [Worker-10: Building] INFO  o.e.m.c.i.embedder.EclipseLogger - Using 'UTF-8' encoding to copy filtered properties files.
2022-11-06 21:00:35,923 [Worker-10: Building] INFO  o.e.m.c.i.embedder.EclipseLogger - Copying 1 resource
2022-11-06 21:00:35,947 [Worker-10: Building] INFO  o.e.m.c.i.embedder.EclipseLogger - Copying 0 resource
2022-11-06 21:00:35,961 [Worker-10: Building] INFO  o.e.m.c.i.embedder.EclipseLogger - Using 'UTF-8' encoding to copy filtered resources.
2022-11-06 21:00:35,962 [Worker-10: Building] INFO  o.e.m.c.i.embedder.EclipseLogger - Using 'UTF-8' encoding to copy filtered properties files.
2022-11-06 21:00:35,962 [Worker-10: Building] INFO  o.e.m.c.i.embedder.EclipseLogger - skip non existing resourceDirectory C:\Users\ÇÈÏÇÚ\Desktop\Languages\languages\src\test\resources
2022-11-06 21:01:20,377 [Worker-4: Building] INFO  o.e.m.c.i.embedder.EclipseLogger - Using 'UTF-8' encoding to copy filtered resources.
2022-11-06 21:01:20,377 [Worker-4: Building] INFO  o.e.m.c.i.embedder.EclipseLogger - Using 'UTF-8' encoding to copy filtered properties files.
2022-11-06 21:01:20,379 [Worker-4: Building] INFO  o.e.m.c.i.embedder.EclipseLogger - Copying 1 resource
2022-11-06 21:01:20,401 [Worker-4: Building] INFO  o.e.m.c.i.embedder.EclipseLogger - Copying 0 resource
2022-11-06 21:01:20,411 [Worker-4: Building] INFO  o.e.m.c.i.embedder.EclipseLogger - Using 'UTF-8' encoding to copy filtered resources.
2022-11-06 21:01:20,411 [Worker-4: Building] INFO  o.e.m.c.i.embedder.EclipseLogger - Using 'UTF-8' encoding to copy filtered properties files.
2022-11-06 21:01:20,411 [Worker-4: Building] INFO  o.e.m.c.i.embedder.EclipseLogger - skip non existing resourceDirectory C:\Users\ÇÈÏÇÚ\Desktop\Languages\languages\src\test\resources
2022-11-06 21:01:50,251 [Worker-9: Building] INFO  o.e.m.c.i.embedder.EclipseLogger - Using 'UTF-8' encoding to copy filtered resources.
2022-11-06 21:01:50,252 [Worker-9: Building] INFO  o.e.m.c.i.embedder.EclipseLogger - Using 'UTF-8' encoding to copy filtered properties files.
2022-11-06 21:01:50,254 [Worker-9: Building] INFO  o.e.m.c.i.embedder.EclipseLogger - Copying 1 resource
2022-11-06 21:01:50,279 [Worker-9: Building] INFO  o.e.m.c.i.embedder.EclipseLogger - Copying 0 resource
2022-11-06 21:01:50,286 [Worker-9: Building] INFO  o.e.m.c.i.embedder.EclipseLogger - Using 'UTF-8' encoding to copy filtered resources.
2022-11-06 21:01:50,286 [Worker-9: Building] INFO  o.e.m.c.i.embedder.EclipseLogger - Using 'UTF-8' encoding to copy filtered properties files.
2022-11-06 21:01:50,286 [Worker-9: Building] INFO  o.e.m.c.i.embedder.EclipseLogger - skip non existing resourceDirectory C:\Users\ÇÈÏÇÚ\Desktop\Languages\languages\src\test\resources
2022-11-06 21:02:25,212 [Worker-10: Building] INFO  o.e.m.c.i.embedder.EclipseLogger - Using 'UTF-8' encoding to copy filtered resources.
2022-11-06 21:02:25,212 [Worker-10: Building] INFO  o.e.m.c.i.embedder.EclipseLogger - Using 'UTF-8' encoding to copy filtered properties files.
2022-11-06 21:02:25,213 [Worker-10: Building] INFO  o.e.m.c.i.embedder.EclipseLogger - Copying 0 resource
2022-11-06 21:02:25,213 [Worker-10: Building] INFO  o.e.m.c.i.embedder.EclipseLogger - Copying 0 resource
2022-11-06 21:02:25,219 [Worker-10: Building] INFO  o.e.m.c.i.embedder.EclipseLogger - Using 'UTF-8' encoding to copy filtered resources.
2022-11-06 21:02:25,219 [Worker-10: Building] INFO  o.e.m.c.i.embedder.EclipseLogger - Using 'UTF-8' encoding to copy filtered properties files.
2022-11-06 21:02:25,220 [Worker-10: Building] INFO  o.e.m.c.i.embedder.EclipseLogger - skip non existing resourceDirectory C:\Users\ÇÈÏÇÚ\Desktop\Languages\languages\src\test\resources
2022-11-06 21:03:22,355 [Worker-10: Building] INFO  o.e.m.c.i.embedder.EclipseLogger - Using 'UTF-8' encoding to copy filtered resources.
2022-11-06 21:03:22,355 [Worker-10: Building] INFO  o.e.m.c.i.embedder.EclipseLogger - Using 'UTF-8' encoding to copy filtered properties files.
2022-11-06 21:03:22,357 [Worker-10: Building] INFO  o.e.m.c.i.embedder.EclipseLogger - Copying 1 resource
2022-11-06 21:03:22,368 [Worker-10: Building] INFO  o.e.m.c.i.embedder.EclipseLogger - Copying 0 resource
2022-11-06 21:03:22,374 [Worker-10: Building] INFO  o.e.m.c.i.embedder.EclipseLogger - Using 'UTF-8' encoding to copy filtered resources.
2022-11-06 21:03:22,375 [Worker-10: Building] INFO  o.e.m.c.i.embedder.EclipseLogger - Using 'UTF-8' encoding to copy filtered properties files.
2022-11-06 21:03:22,375 [Worker-10: Building] INFO  o.e.m.c.i.embedder.EclipseLogger - skip non existing resourceDirectory C:\Users\ÇÈÏÇÚ\Desktop\Languages\languages\src\test\resources
2022-11-06 21:03:23,445 [Worker-4: Building] INFO  o.e.m.c.i.embedder.EclipseLogger - Using 'UTF-8' encoding to copy filtered resources.
2022-11-06 21:03:23,445 [Worker-4: Building] INFO  o.e.m.c.i.embedder.EclipseLogger - Using 'UTF-8' encoding to copy filtered properties files.
2022-11-06 21:03:23,446 [Worker-4: Building] INFO  o.e.m.c.i.embedder.EclipseLogger - Copying 0 resource
2022-11-06 21:03:23,447 [Worker-4: Building] INFO  o.e.m.c.i.embedder.EclipseLogger - Copying 0 resource
2022-11-06 21:03:23,453 [Worker-4: Building] INFO  o.e.m.c.i.embedder.EclipseLogger - Using 'UTF-8' encoding to copy filtered resources.
2022-11-06 21:03:23,453 [Worker-4: Building] INFO  o.e.m.c.i.embedder.EclipseLogger - Using 'UTF-8' encoding to copy filtered properties files.
2022-11-06 21:03:23,453 [Worker-4: Building] INFO  o.e.m.c.i.embedder.EclipseLogger - skip non existing resourceDirectory C:\Users\ÇÈÏÇÚ\Desktop\Languages\languages\src\test\resources
2022-11-06 21:10:58,631 [Worker-3: Building] INFO  o.e.m.c.i.embedder.EclipseLogger - Using 'UTF-8' encoding to copy filtered resources.
2022-11-06 21:10:58,632 [Worker-3: Building] INFO  o.e.m.c.i.embedder.EclipseLogger - Using 'UTF-8' encoding to copy filtered properties files.
2022-11-06 21:10:58,634 [Worker-3: Building] INFO  o.e.m.c.i.embedder.EclipseLogger - Copying 1 resource
2022-11-06 21:10:58,647 [Worker-3: Building] INFO  o.e.m.c.i.embedder.EclipseLogger - Copying 0 resource
2022-11-06 21:10:58,654 [Worker-3: Building] INFO  o.e.m.c.i.embedder.EclipseLogger - Using 'UTF-8' encoding to copy filtered resources.
2022-11-06 21:10:58,654 [Worker-3: Building] INFO  o.e.m.c.i.embedder.EclipseLogger - Using 'UTF-8' encoding to copy filtered properties files.
2022-11-06 21:10:58,654 [Worker-3: Building] INFO  o.e.m.c.i.embedder.EclipseLogger - skip non existing resourceDirectory C:\Users\ÇÈÏÇÚ\Desktop\Languages\languages\src\test\resources
2022-11-06 21:11:36,411 [Worker-10: Building] INFO  o.e.m.c.i.embedder.EclipseLogger - Using 'UTF-8' encoding to copy filtered resources.
2022-11-06 21:11:36,412 [Worker-10: Building] INFO  o.e.m.c.i.embedder.EclipseLogger - Using 'UTF-8' encoding to copy filtered properties files.
2022-11-06 21:11:36,414 [Worker-10: Building] INFO  o.e.m.c.i.embedder.EclipseLogger - Copying 1 resource
2022-11-06 21:11:36,423 [Worker-10: Building] INFO  o.e.m.c.i.embedder.EclipseLogger - Copying 0 resource
2022-11-06 21:11:36,429 [Worker-10: Building] INFO  o.e.m.c.i.embedder.EclipseLogger - Using 'UTF-8' encoding to copy filtered resources.
2022-11-06 21:11:36,429 [Worker-10: Building] INFO  o.e.m.c.i.embedder.EclipseLogger - Using 'UTF-8' encoding to copy filtered properties files.
2022-11-06 21:11:36,430 [Worker-10: Building] INFO  o.e.m.c.i.embedder.EclipseLogger - skip non existing resourceDirectory C:\Users\ÇÈÏÇÚ\Desktop\Languages\languages\src\test\resources
2022-11-06 21:12:18,734 [Worker-12: Building] INFO  o.e.m.c.i.embedder.EclipseLogger - Using 'UTF-8' encoding to copy filtered resources.
2022-11-06 21:12:18,735 [Worker-12: Building] INFO  o.e.m.c.i.embedder.EclipseLogger - Using 'UTF-8' encoding to copy filtered properties files.
2022-11-06 21:12:18,737 [Worker-12: Building] INFO  o.e.m.c.i.embedder.EclipseLogger - Copying 1 resource
2022-11-06 21:12:18,775 [Worker-12: Building] INFO  o.e.m.c.i.embedder.EclipseLogger - Copying 0 resource
2022-11-06 21:12:18,782 [Worker-12: Building] INFO  o.e.m.c.i.embedder.EclipseLogger - Using 'UTF-8' encoding to copy filtered resources.
2022-11-06 21:12:18,783 [Worker-12: Building] INFO  o.e.m.c.i.embedder.EclipseLogger - Using 'UTF-8' encoding to copy filtered properties files.
2022-11-06 21:12:18,783 [Worker-12: Building] INFO  o.e.m.c.i.embedder.EclipseLogger - skip non existing resourceDirectory C:\Users\ÇÈÏÇÚ\Desktop\Languages\languages\src\test\resources
2022-11-06 21:13:55,862 [Worker-12: Building] INFO  o.e.m.c.i.embedder.EclipseLogger - Using 'UTF-8' encoding to copy filtered resources.
2022-11-06 21:13:55,863 [Worker-12: Building] INFO  o.e.m.c.i.embedder.EclipseLogger - Using 'UTF-8' encoding to copy filtered properties files.
2022-11-06 21:13:55,865 [Worker-12: Building] INFO  o.e.m.c.i.embedder.EclipseLogger - Copying 1 resource
2022-11-06 21:13:55,895 [Worker-12: Building] INFO  o.e.m.c.i.embedder.EclipseLogger - Copying 0 resource
2022-11-06 21:13:55,903 [Worker-12: Building] INFO  o.e.m.c.i.embedder.EclipseLogger - Using 'UTF-8' encoding to copy filtered resources.
2022-11-06 21:13:55,904 [Worker-12: Building] INFO  o.e.m.c.i.embedder.EclipseLogger - Using 'UTF-8' encoding to copy filtered properties files.
2022-11-06 21:13:55,905 [Worker-12: Building] INFO  o.e.m.c.i.embedder.EclipseLogger - skip non existing resourceDirectory C:\Users\ÇÈÏÇÚ\Desktop\Languages\languages\src\test\resources
2022-11-06 21:14:33,771 [Worker-12: Building] INFO  o.e.m.c.i.embedder.EclipseLogger - Using 'UTF-8' encoding to copy filtered resources.
2022-11-06 21:14:33,772 [Worker-12: Building] INFO  o.e.m.c.i.embedder.EclipseLogger - Using 'UTF-8' encoding to copy filtered properties files.
2022-11-06 21:14:33,774 [Worker-12: Building] INFO  o.e.m.c.i.embedder.EclipseLogger - Copying 1 resource
2022-11-06 21:14:33,804 [Worker-12: Building] INFO  o.e.m.c.i.embedder.EclipseLogger - Copying 0 resource
2022-11-06 21:14:33,812 [Worker-12: Building] INFO  o.e.m.c.i.embedder.EclipseLogger - Using 'UTF-8' encoding to copy filtered resources.
2022-11-06 21:14:33,812 [Worker-12: Building] INFO  o.e.m.c.i.embedder.EclipseLogger - Using 'UTF-8' encoding to copy filtered properties files.
2022-11-06 21:14:33,812 [Worker-12: Building] INFO  o.e.m.c.i.embedder.EclipseLogger - skip non existing resourceDirectory C:\Users\ÇÈÏÇÚ\Desktop\Languages\languages\src\test\resources
2022-11-06 21:18:54,335 [Worker-10: Building] INFO  o.e.m.c.i.embedder.EclipseLogger - Using 'UTF-8' encoding to copy filtered resources.
2022-11-06 21:18:54,335 [Worker-10: Building] INFO  o.e.m.c.i.embedder.EclipseLogger - Using 'UTF-8' encoding to copy filtered properties files.
2022-11-06 21:18:54,337 [Worker-10: Building] INFO  o.e.m.c.i.embedder.EclipseLogger - Copying 1 resource
2022-11-06 21:18:54,392 [Worker-10: Building] INFO  o.e.m.c.i.embedder.EclipseLogger - Copying 0 resource
2022-11-06 21:18:54,401 [Worker-10: Building] INFO  o.e.m.c.i.embedder.EclipseLogger - Using 'UTF-8' encoding to copy filtered resources.
2022-11-06 21:18:54,401 [Worker-10: Building] INFO  o.e.m.c.i.embedder.EclipseLogger - Using 'UTF-8' encoding to copy filtered properties files.
2022-11-06 21:18:54,402 [Worker-10: Building] INFO  o.e.m.c.i.embedder.EclipseLogger - skip non existing resourceDirectory C:\Users\ÇÈÏÇÚ\Desktop\Languages\languages\src\test\resources
2022-11-06 21:19:33,682 [Worker-4: Building] INFO  o.e.m.c.i.embedder.EclipseLogger - Using 'UTF-8' encoding to copy filtered resources.
2022-11-06 21:19:33,683 [Worker-4: Building] INFO  o.e.m.c.i.embedder.EclipseLogger - Using 'UTF-8' encoding to copy filtered properties files.
2022-11-06 21:19:33,687 [Worker-4: Building] INFO  o.e.m.c.i.embedder.EclipseLogger - Copying 1 resource
2022-11-06 21:19:33,717 [Worker-4: Building] INFO  o.e.m.c.i.embedder.EclipseLogger - Copying 0 resource
2022-11-06 21:19:33,724 [Worker-4: Building] INFO  o.e.m.c.i.embedder.EclipseLogger - Using 'UTF-8' encoding to copy filtered resources.
2022-11-06 21:19:33,724 [Worker-4: Building] INFO  o.e.m.c.i.embedder.EclipseLogger - Using 'UTF-8' encoding to copy filtered properties files.
2022-11-06 21:19:33,724 [Worker-4: Building] INFO  o.e.m.c.i.embedder.EclipseLogger - skip non existing resourceDirectory C:\Users\ÇÈÏÇÚ\Desktop\Languages\languages\src\test\resources
2022-11-06 21:24:05,111 [Worker-12: Building] INFO  o.e.m.c.i.embedder.EclipseLogger - Using 'UTF-8' encoding to copy filtered resources.
2022-11-06 21:24:05,112 [Worker-12: Building] INFO  o.e.m.c.i.embedder.EclipseLogger - Using 'UTF-8' encoding to copy filtered properties files.
2022-11-06 21:24:05,113 [Worker-12: Building] INFO  o.e.m.c.i.embedder.EclipseLogger - Copying 0 resource
2022-11-06 21:24:05,113 [Worker-12: Building] INFO  o.e.m.c.i.embedder.EclipseLogger - Copying 0 resource
2022-11-06 21:24:05,119 [Worker-12: Building] INFO  o.e.m.c.i.embedder.EclipseLogger - Using 'UTF-8' encoding to copy filtered resources.
2022-11-06 21:24:05,119 [Worker-12: Building] INFO  o.e.m.c.i.embedder.EclipseLogger - Using 'UTF-8' encoding to copy filtered properties files.
2022-11-06 21:24:05,119 [Worker-12: Building] INFO  o.e.m.c.i.embedder.EclipseLogger - skip non existing resourceDirectory C:\Users\ÇÈÏÇÚ\Desktop\Languages\languages\src\test\resources
2022-11-06 21:28:39,332 [Worker-9: Launching languages - LanguagesApplication] INFO  o.e.m.c.i.embedder.EclipseLogger - Using 'UTF-8' encoding to copy filtered resources.
2022-11-06 21:28:39,332 [Worker-9: Launching languages - LanguagesApplication] INFO  o.e.m.c.i.embedder.EclipseLogger - Using 'UTF-8' encoding to copy filtered properties files.
2022-11-06 21:28:39,334 [Worker-9: Launching languages - LanguagesApplication] INFO  o.e.m.c.i.embedder.EclipseLogger - Copying 1 resource
2022-11-06 21:28:39,345 [Worker-9: Launching languages - LanguagesApplication] INFO  o.e.m.c.i.embedder.EclipseLogger - Copying 0 resource
2022-11-06 21:28:39,351 [Worker-9: Launching languages - LanguagesApplication] INFO  o.e.m.c.i.embedder.EclipseLogger - Using 'UTF-8' encoding to copy filtered resources.
2022-11-06 21:28:39,351 [Worker-9: Launching languages - LanguagesApplication] INFO  o.e.m.c.i.embedder.EclipseLogger - Using 'UTF-8' encoding to copy filtered properties files.
2022-11-06 21:28:39,351 [Worker-9: Launching languages - LanguagesApplication] INFO  o.e.m.c.i.embedder.EclipseLogger - skip non existing resourceDirectory C:\Users\ÇÈÏÇÚ\Desktop\Languages\languages\src\test\resources
2022-11-06 21:30:48,516 [Worker-13: Launching languages - LanguagesApplication] INFO  o.e.m.c.i.embedder.EclipseLogger - Using 'UTF-8' encoding to copy filtered resources.
2022-11-06 21:30:48,516 [Worker-13: Launching languages - LanguagesApplication] INFO  o.e.m.c.i.embedder.EclipseLogger - Using 'UTF-8' encoding to copy filtered properties files.
2022-11-06 21:30:48,517 [Worker-13: Launching languages - LanguagesApplication] INFO  o.e.m.c.i.embedder.EclipseLogger - Copying 0 resource
2022-11-06 21:30:48,518 [Worker-13: Launching languages - LanguagesApplication] INFO  o.e.m.c.i.embedder.EclipseLogger - Copying 0 resource
2022-11-06 21:30:48,523 [Worker-13: Launching languages - LanguagesApplication] INFO  o.e.m.c.i.embedder.EclipseLogger - Using 'UTF-8' encoding to copy filtered resources.
2022-11-06 21:30:48,523 [Worker-13: Launching languages - LanguagesApplication] INFO  o.e.m.c.i.embedder.EclipseLogger - Using 'UTF-8' encoding to copy filtered properties files.
2022-11-06 21:30:48,523 [Worker-13: Launching languages - LanguagesApplication] INFO  o.e.m.c.i.embedder.EclipseLogger - skip non existing resourceDirectory C:\Users\ÇÈÏÇÚ\Desktop\Languages\languages\src\test\resources
2022-11-06 21:32:04,010 [Worker-9: Launching languages - LanguagesApplication] INFO  o.e.m.c.i.embedder.EclipseLogger - Using 'UTF-8' encoding to copy filtered resources.
2022-11-06 21:32:04,011 [Worker-9: Launching languages - LanguagesApplication] INFO  o.e.m.c.i.embedder.EclipseLogger - Using 'UTF-8' encoding to copy filtered properties files.
2022-11-06 21:32:04,013 [Worker-9: Launching languages - LanguagesApplication] INFO  o.e.m.c.i.embedder.EclipseLogger - Copying 1 resource
2022-11-06 21:32:04,052 [Worker-9: Launching languages - LanguagesApplication] INFO  o.e.m.c.i.embedder.EclipseLogger - Copying 0 resource
2022-11-06 21:32:04,057 [Worker-9: Launching languages - LanguagesApplication] INFO  o.e.m.c.i.embedder.EclipseLogger - Using 'UTF-8' encoding to copy filtered resources.
2022-11-06 21:32:04,057 [Worker-9: Launching languages - LanguagesApplication] INFO  o.e.m.c.i.embedder.EclipseLogger - Using 'UTF-8' encoding to copy filtered properties files.
2022-11-06 21:32:04,057 [Worker-9: Launching languages - LanguagesApplication] INFO  o.e.m.c.i.embedder.EclipseLogger - skip non existing resourceDirectory C:\Users\ÇÈÏÇÚ\Desktop\Languages\languages\src\test\resources
2022-11-06 21:32:41,634 [Worker-4: Launching languages - LanguagesApplication] INFO  o.e.m.c.i.embedder.EclipseLogger - Using 'UTF-8' encoding to copy filtered resources.
2022-11-06 21:32:41,634 [Worker-4: Launching languages - LanguagesApplication] INFO  o.e.m.c.i.embedder.EclipseLogger - Using 'UTF-8' encoding to copy filtered properties files.
2022-11-06 21:32:41,637 [Worker-4: Launching languages - LanguagesApplication] INFO  o.e.m.c.i.embedder.EclipseLogger - Copying 1 resource
2022-11-06 21:32:41,652 [Worker-4: Launching languages - LanguagesApplication] INFO  o.e.m.c.i.embedder.EclipseLogger - Copying 0 resource
2022-11-06 21:32:41,663 [Worker-4: Launching languages - LanguagesApplication] INFO  o.e.m.c.i.embedder.EclipseLogger - Using 'UTF-8' encoding to copy filtered resources.
2022-11-06 21:32:41,663 [Worker-4: Launching languages - LanguagesApplication] INFO  o.e.m.c.i.embedder.EclipseLogger - Using 'UTF-8' encoding to copy filtered properties files.
2022-11-06 21:32:41,664 [Worker-4: Launching languages - LanguagesApplication] INFO  o.e.m.c.i.embedder.EclipseLogger - skip non existing resourceDirectory C:\Users\ÇÈÏÇÚ\Desktop\Languages\languages\src\test\resources
2022-11-06 22:06:29,905 [Worker-9: Launching languages - LanguagesApplication] INFO  o.e.m.c.i.embedder.EclipseLogger - Using 'UTF-8' encoding to copy filtered resources.
2022-11-06 22:06:29,905 [Worker-9: Launching languages - LanguagesApplication] INFO  o.e.m.c.i.embedder.EclipseLogger - Using 'UTF-8' encoding to copy filtered properties files.
2022-11-06 22:06:29,908 [Worker-9: Launching languages - LanguagesApplication] INFO  o.e.m.c.i.embedder.EclipseLogger - Copying 1 resource
2022-11-06 22:06:29,936 [Worker-9: Launching languages - LanguagesApplication] INFO  o.e.m.c.i.embedder.EclipseLogger - Copying 0 resource
2022-11-06 22:06:29,940 [Worker-9: Launching languages - LanguagesApplication] INFO  o.e.m.c.i.embedder.EclipseLogger - Using 'UTF-8' encoding to copy filtered resources.
2022-11-06 22:06:29,940 [Worker-9: Launching languages - LanguagesApplication] INFO  o.e.m.c.i.embedder.EclipseLogger - Using 'UTF-8' encoding to copy filtered properties files.
2022-11-06 22:06:29,941 [Worker-9: Launching languages - LanguagesApplication] INFO  o.e.m.c.i.embedder.EclipseLogger - skip non existing resourceDirectory C:\Users\ÇÈÏÇÚ\Desktop\Languages\languages\src\test\resources
2022-11-06 22:08:07,658 [Worker-16: Launching languages - LanguagesApplication] INFO  o.e.m.c.i.embedder.EclipseLogger - Using 'UTF-8' encoding to copy filtered resources.
2022-11-06 22:08:07,659 [Worker-16: Launching languages - LanguagesApplication] INFO  o.e.m.c.i.embedder.EclipseLogger - Using 'UTF-8' encoding to copy filtered properties files.
2022-11-06 22:08:07,661 [Worker-16: Launching languages - LanguagesApplication] INFO  o.e.m.c.i.embedder.EclipseLogger - Copying 1 resource
2022-11-06 22:08:07,672 [Worker-16: Launching languages - LanguagesApplication] INFO  o.e.m.c.i.embedder.EclipseLogger - Copying 0 resource
2022-11-06 22:08:07,689 [Worker-16: Launching languages - LanguagesApplication] INFO  o.e.m.c.i.embedder.EclipseLogger - Using 'UTF-8' encoding to copy filtered resources.
2022-11-06 22:08:07,689 [Worker-16: Launching languages - LanguagesApplication] INFO  o.e.m.c.i.embedder.EclipseLogger - Using 'UTF-8' encoding to copy filtered properties files.
2022-11-06 22:08:07,690 [Worker-16: Launching languages - LanguagesApplication] INFO  o.e.m.c.i.embedder.EclipseLogger - skip non existing resourceDirectory C:\Users\ÇÈÏÇÚ\Desktop\Languages\languages\src\test\resources
2022-11-06 22:09:57,245 [Worker-21: Building] INFO  o.e.m.c.i.embedder.EclipseLogger - Using 'UTF-8' encoding to copy filtered resources.
2022-11-06 22:09:57,245 [Worker-21: Building] INFO  o.e.m.c.i.embedder.EclipseLogger - Using 'UTF-8' encoding to copy filtered properties files.
2022-11-06 22:09:57,246 [Worker-21: Building] INFO  o.e.m.c.i.embedder.EclipseLogger - Copying 0 resource
2022-11-06 22:09:57,246 [Worker-21: Building] INFO  o.e.m.c.i.embedder.EclipseLogger - Copying 0 resource
2022-11-06 22:09:57,251 [Worker-21: Building] INFO  o.e.m.c.i.embedder.EclipseLogger - Using 'UTF-8' encoding to copy filtered resources.
2022-11-06 22:09:57,251 [Worker-21: Building] INFO  o.e.m.c.i.embedder.EclipseLogger - Using 'UTF-8' encoding to copy filtered properties files.
2022-11-06 22:09:57,251 [Worker-21: Building] INFO  o.e.m.c.i.embedder.EclipseLogger - skip non existing resourceDirectory C:\Users\ÇÈÏÇÚ\Desktop\Languages\languages\src\test\resources
2022-11-06 22:10:08,858 [Worker-22: Launching languages - LanguagesApplication] INFO  o.e.m.c.i.embedder.EclipseLogger - Using 'UTF-8' encoding to copy filtered resources.
2022-11-06 22:10:08,858 [Worker-22: Launching languages - LanguagesApplication] INFO  o.e.m.c.i.embedder.EclipseLogger - Using 'UTF-8' encoding to copy filtered properties files.
2022-11-06 22:10:08,859 [Worker-22: Launching languages - LanguagesApplication] INFO  o.e.m.c.i.embedder.EclipseLogger - Copying 0 resource
2022-11-06 22:10:08,860 [Worker-22: Launching languages - LanguagesApplication] INFO  o.e.m.c.i.embedder.EclipseLogger - Copying 0 resource
2022-11-06 22:10:08,865 [Worker-22: Launching languages - LanguagesApplication] INFO  o.e.m.c.i.embedder.EclipseLogger - Using 'UTF-8' encoding to copy filtered resources.
2022-11-06 22:10:08,866 [Worker-22: Launching languages - LanguagesApplication] INFO  o.e.m.c.i.embedder.EclipseLogger - Using 'UTF-8' encoding to copy filtered properties files.
2022-11-06 22:10:08,866 [Worker-22: Launching languages - LanguagesApplication] INFO  o.e.m.c.i.embedder.EclipseLogger - skip non existing resourceDirectory C:\Users\ÇÈÏÇÚ\Desktop\Languages\languages\src\test\resources
2022-11-06 22:12:10,020 [Worker-23: Building] INFO  o.e.m.c.i.embedder.EclipseLogger - Using 'UTF-8' encoding to copy filtered resources.
2022-11-06 22:12:10,020 [Worker-23: Building] INFO  o.e.m.c.i.embedder.EclipseLogger - Using 'UTF-8' encoding to copy filtered properties files.
2022-11-06 22:12:10,021 [Worker-23: Building] INFO  o.e.m.c.i.embedder.EclipseLogger - Copying 0 resource
2022-11-06 22:12:10,021 [Worker-23: Building] INFO  o.e.m.c.i.embedder.EclipseLogger - Copying 0 resource
2022-11-06 22:12:10,026 [Worker-23: Building] INFO  o.e.m.c.i.embedder.EclipseLogger - Using 'UTF-8' encoding to copy filtered resources.
2022-11-06 22:12:10,026 [Worker-23: Building] INFO  o.e.m.c.i.embedder.EclipseLogger - Using 'UTF-8' encoding to copy filtered properties files.
2022-11-06 22:12:10,027 [Worker-23: Building] INFO  o.e.m.c.i.embedder.EclipseLogger - skip non existing resourceDirectory C:\Users\ÇÈÏÇÚ\Desktop\Languages\languages\src\test\resources
2022-11-06 22:14:35,289 [Worker-21: Launching languages - LanguagesApplication] INFO  o.e.m.c.i.embedder.EclipseLogger - Using 'UTF-8' encoding to copy filtered resources.
2022-11-06 22:14:35,290 [Worker-21: Launching languages - LanguagesApplication] INFO  o.e.m.c.i.embedder.EclipseLogger - Using 'UTF-8' encoding to copy filtered properties files.
2022-11-06 22:14:35,292 [Worker-21: Launching languages - LanguagesApplication] INFO  o.e.m.c.i.embedder.EclipseLogger - Copying 1 resource
2022-11-06 22:14:35,302 [Worker-21: Launching languages - LanguagesApplication] INFO  o.e.m.c.i.embedder.EclipseLogger - Copying 0 resource
2022-11-06 22:14:35,306 [Worker-21: Launching languages - LanguagesApplication] INFO  o.e.m.c.i.embedder.EclipseLogger - Using 'UTF-8' encoding to copy filtered resources.
2022-11-06 22:14:35,307 [Worker-21: Launching languages - LanguagesApplication] INFO  o.e.m.c.i.embedder.EclipseLogger - Using 'UTF-8' encoding to copy filtered properties files.
2022-11-06 22:14:35,307 [Worker-21: Launching languages - LanguagesApplication] INFO  o.e.m.c.i.embedder.EclipseLogger - skip non existing resourceDirectory C:\Users\ÇÈÏÇÚ\Desktop\Languages\languages\src\test\resources
2022-11-06 22:15:30,159 [Worker-22: Building] INFO  o.e.m.c.i.embedder.EclipseLogger - Using 'UTF-8' encoding to copy filtered resources.
2022-11-06 22:15:30,160 [Worker-22: Building] INFO  o.e.m.c.i.embedder.EclipseLogger - Using 'UTF-8' encoding to copy filtered properties files.
2022-11-06 22:15:30,161 [Worker-22: Building] INFO  o.e.m.c.i.embedder.EclipseLogger - Copying 0 resource
2022-11-06 22:15:30,161 [Worker-22: Building] INFO  o.e.m.c.i.embedder.EclipseLogger - Copying 0 resource
2022-11-06 22:15:30,166 [Worker-22: Building] INFO  o.e.m.c.i.embedder.EclipseLogger - Using 'UTF-8' encoding to copy filtered resources.
2022-11-06 22:15:30,166 [Worker-22: Building] INFO  o.e.m.c.i.embedder.EclipseLogger - Using 'UTF-8' encoding to copy filtered properties files.
2022-11-06 22:15:30,167 [Worker-22: Building] INFO  o.e.m.c.i.embedder.EclipseLogger - skip non existing resourceDirectory C:\Users\ÇÈÏÇÚ\Desktop\Languages\languages\src\test\resources
2022-11-06 22:19:20,817 [Worker-17: Launching languages - LanguagesApplication] INFO  o.e.m.c.i.embedder.EclipseLogger - Using 'UTF-8' encoding to copy filtered resources.
2022-11-06 22:19:20,817 [Worker-17: Launching languages - LanguagesApplication] INFO  o.e.m.c.i.embedder.EclipseLogger - Using 'UTF-8' encoding to copy filtered properties files.
2022-11-06 22:19:20,819 [Worker-17: Launching languages - LanguagesApplication] INFO  o.e.m.c.i.embedder.EclipseLogger - Copying 1 resource
2022-11-06 22:19:20,846 [Worker-17: Launching languages - LanguagesApplication] INFO  o.e.m.c.i.embedder.EclipseLogger - Copying 0 resource
2022-11-06 22:19:20,854 [Worker-17: Launching languages - LanguagesApplication] INFO  o.e.m.c.i.embedder.EclipseLogger - Using 'UTF-8' encoding to copy filtered resources.
2022-11-06 22:19:20,854 [Worker-17: Launching languages - LanguagesApplication] INFO  o.e.m.c.i.embedder.EclipseLogger - Using 'UTF-8' encoding to copy filtered properties files.
2022-11-06 22:19:20,854 [Worker-17: Launching languages - LanguagesApplication] INFO  o.e.m.c.i.embedder.EclipseLogger - skip non existing resourceDirectory C:\Users\ÇÈÏÇÚ\Desktop\Languages\languages\src\test\resources
2022-11-06 22:20:03,453 [Worker-24: Launching languages - LanguagesApplication] INFO  o.e.m.c.i.embedder.EclipseLogger - Using 'UTF-8' encoding to copy filtered resources.
2022-11-06 22:20:03,453 [Worker-24: Launching languages - LanguagesApplication] INFO  o.e.m.c.i.embedder.EclipseLogger - Using 'UTF-8' encoding to copy filtered properties files.
2022-11-06 22:20:03,454 [Worker-24: Launching languages - LanguagesApplication] INFO  o.e.m.c.i.embedder.EclipseLogger - Copying 0 resource
2022-11-06 22:20:03,455 [Worker-24: Launching languages - LanguagesApplication] INFO  o.e.m.c.i.embedder.EclipseLogger - Copying 0 resource
2022-11-06 22:20:03,460 [Worker-24: Launching languages - LanguagesApplication] INFO  o.e.m.c.i.embedder.EclipseLogger - Using 'UTF-8' encoding to copy filtered resources.
2022-11-06 22:20:03,460 [Worker-24: Launching languages - LanguagesApplication] INFO  o.e.m.c.i.embedder.EclipseLogger - Using 'UTF-8' encoding to copy filtered properties files.
2022-11-06 22:20:03,460 [Worker-24: Launching languages - LanguagesApplication] INFO  o.e.m.c.i.embedder.EclipseLogger - skip non existing resourceDirectory C:\Users\ÇÈÏÇÚ\Desktop\Languages\languages\src\test\resources
2022-11-06 22:23:16,753 [Worker-20: Building] INFO  o.e.m.c.i.embedder.EclipseLogger - Using 'UTF-8' encoding to copy filtered resources.
2022-11-06 22:23:16,753 [Worker-20: Building] INFO  o.e.m.c.i.embedder.EclipseLogger - Using 'UTF-8' encoding to copy filtered properties files.
2022-11-06 22:23:16,754 [Worker-20: Building] INFO  o.e.m.c.i.embedder.EclipseLogger - Copying 0 resource
2022-11-06 22:23:16,755 [Worker-20: Building] INFO  o.e.m.c.i.embedder.EclipseLogger - Copying 0 resource
2022-11-06 22:23:16,759 [Worker-20: Building] INFO  o.e.m.c.i.embedder.EclipseLogger - Using 'UTF-8' encoding to copy filtered resources.
2022-11-06 22:23:16,760 [Worker-20: Building] INFO  o.e.m.c.i.embedder.EclipseLogger - Using 'UTF-8' encoding to copy filtered properties files.
2022-11-06 22:23:16,760 [Worker-20: Building] INFO  o.e.m.c.i.embedder.EclipseLogger - skip non existing resourceDirectory C:\Users\ÇÈÏÇÚ\Desktop\Languages\languages\src\test\resources
2022-11-06 22:25:50,870 [Worker-17: Launching languages - LanguagesApplication] INFO  o.e.m.c.i.embedder.EclipseLogger - Using 'UTF-8' encoding to copy filtered resources.
2022-11-06 22:25:50,871 [Worker-17: Launching languages - LanguagesApplication] INFO  o.e.m.c.i.embedder.EclipseLogger - Using 'UTF-8' encoding to copy filtered properties files.
2022-11-06 22:25:50,873 [Worker-17: Launching languages - LanguagesApplication] INFO  o.e.m.c.i.embedder.EclipseLogger - Copying 1 resource
2022-11-06 22:25:50,899 [Worker-17: Launching languages - LanguagesApplication] INFO  o.e.m.c.i.embedder.EclipseLogger - Copying 0 resource
2022-11-06 22:25:50,904 [Worker-17: Launching languages - LanguagesApplication] INFO  o.e.m.c.i.embedder.EclipseLogger - Using 'UTF-8' encoding to copy filtered resources.
2022-11-06 22:25:50,905 [Worker-17: Launching languages - LanguagesApplication] INFO  o.e.m.c.i.embedder.EclipseLogger - Using 'UTF-8' encoding to copy filtered properties files.
2022-11-06 22:25:50,905 [Worker-17: Launching languages - LanguagesApplication] INFO  o.e.m.c.i.embedder.EclipseLogger - skip non existing resourceDirectory C:\Users\ÇÈÏÇÚ\Desktop\Languages\languages\src\test\resources
2022-11-06 22:26:36,446 [Worker-22: Launching languages - LanguagesApplication] INFO  o.e.m.c.i.embedder.EclipseLogger - Using 'UTF-8' encoding to copy filtered resources.
2022-11-06 22:26:36,446 [Worker-22: Launching languages - LanguagesApplication] INFO  o.e.m.c.i.embedder.EclipseLogger - Using 'UTF-8' encoding to copy filtered properties files.
2022-11-06 22:26:36,448 [Worker-22: Launching languages - LanguagesApplication] INFO  o.e.m.c.i.embedder.EclipseLogger - Copying 1 resource
2022-11-06 22:26:36,486 [Worker-22: Launching languages - LanguagesApplication] INFO  o.e.m.c.i.embedder.EclipseLogger - Copying 0 resource
2022-11-06 22:26:36,491 [Worker-22: Launching languages - LanguagesApplication] INFO  o.e.m.c.i.embedder.EclipseLogger - Using 'UTF-8' encoding to copy filtered resources.
2022-11-06 22:26:36,492 [Worker-22: Launching languages - LanguagesApplication] INFO  o.e.m.c.i.embedder.EclipseLogger - Using 'UTF-8' encoding to copy filtered properties files.
2022-11-06 22:26:36,492 [Worker-22: Launching languages - LanguagesApplication] INFO  o.e.m.c.i.embedder.EclipseLogger - skip non existing resourceDirectory C:\Users\ÇÈÏÇÚ\Desktop\Languages\languages\src\test\resources
2022-11-06 22:26:54,618 [Worker-22: Launching languages - LanguagesApplication] INFO  o.e.m.c.i.embedder.EclipseLogger - Using 'UTF-8' encoding to copy filtered resources.
2022-11-06 22:26:54,618 [Worker-22: Launching languages - LanguagesApplication] INFO  o.e.m.c.i.embedder.EclipseLogger - Using 'UTF-8' encoding to copy filtered properties files.
2022-11-06 22:26:54,620 [Worker-22: Launching languages - LanguagesApplication] INFO  o.e.m.c.i.embedder.EclipseLogger - Copying 1 resource
2022-11-06 22:26:54,631 [Worker-22: Launching languages - LanguagesApplication] INFO  o.e.m.c.i.embedder.EclipseLogger - Copying 0 resource
2022-11-06 22:26:54,636 [Worker-22: Launching languages - LanguagesApplication] INFO  o.e.m.c.i.embedder.EclipseLogger - Using 'UTF-8' encoding to copy filtered resources.
2022-11-06 22:26:54,636 [Worker-22: Launching languages - LanguagesApplication] INFO  o.e.m.c.i.embedder.EclipseLogger - Using 'UTF-8' encoding to copy filtered properties files.
2022-11-06 22:26:54,636 [Worker-22: Launching languages - LanguagesApplication] INFO  o.e.m.c.i.embedder.EclipseLogger - skip non existing resourceDirectory C:\Users\ÇÈÏÇÚ\Desktop\Languages\languages\src\test\resources
2022-11-06 22:28:34,000 [Worker-20: Launching languages - LanguagesApplication] INFO  o.e.m.c.i.embedder.EclipseLogger - Using 'UTF-8' encoding to copy filtered resources.
2022-11-06 22:28:34,000 [Worker-20: Launching languages - LanguagesApplication] INFO  o.e.m.c.i.embedder.EclipseLogger - Using 'UTF-8' encoding to copy filtered properties files.
2022-11-06 22:28:34,002 [Worker-20: Launching languages - LanguagesApplication] INFO  o.e.m.c.i.embedder.EclipseLogger - Copying 1 resource
2022-11-06 22:28:34,012 [Worker-20: Launching languages - LanguagesApplication] INFO  o.e.m.c.i.embedder.EclipseLogger - Copying 0 resource
2022-11-06 22:28:34,017 [Worker-20: Launching languages - LanguagesApplication] INFO  o.e.m.c.i.embedder.EclipseLogger - Using 'UTF-8' encoding to copy filtered resources.
2022-11-06 22:28:34,017 [Worker-20: Launching languages - LanguagesApplication] INFO  o.e.m.c.i.embedder.EclipseLogger - Using 'UTF-8' encoding to copy filtered properties files.
2022-11-06 22:28:34,017 [Worker-20: Launching languages - LanguagesApplication] INFO  o.e.m.c.i.embedder.EclipseLogger - skip non existing resourceDirectory C:\Users\ÇÈÏÇÚ\Desktop\Languages\languages\src\test\resources
2022-11-06 22:30:33,537 [Worker-27: Launching languages - LanguagesApplication] INFO  o.e.m.c.i.embedder.EclipseLogger - Using 'UTF-8' encoding to copy filtered resources.
2022-11-06 22:30:33,538 [Worker-27: Launching languages - LanguagesApplication] INFO  o.e.m.c.i.embedder.EclipseLogger - Using 'UTF-8' encoding to copy filtered properties files.
2022-11-06 22:30:33,539 [Worker-27: Launching languages - LanguagesApplication] INFO  o.e.m.c.i.embedder.EclipseLogger - Copying 0 resource
2022-11-06 22:30:33,539 [Worker-27: Launching languages - LanguagesApplication] INFO  o.e.m.c.i.embedder.EclipseLogger - Copying 0 resource
2022-11-06 22:30:33,545 [Worker-27: Launching languages - LanguagesApplication] INFO  o.e.m.c.i.embedder.EclipseLogger - Using 'UTF-8' encoding to copy filtered resources.
2022-11-06 22:30:33,545 [Worker-27: Launching languages - LanguagesApplication] INFO  o.e.m.c.i.embedder.EclipseLogger - Using 'UTF-8' encoding to copy filtered properties files.
2022-11-06 22:30:33,545 [Worker-27: Launching languages - LanguagesApplication] INFO  o.e.m.c.i.embedder.EclipseLogger - skip non existing resourceDirectory C:\Users\ÇÈÏÇÚ\Desktop\Languages\languages\src\test\resources
2022-11-06 22:33:55,621 [Worker-27: Launching languages - LanguagesApplication] INFO  o.e.m.c.i.embedder.EclipseLogger - Using 'UTF-8' encoding to copy filtered resources.
2022-11-06 22:33:55,621 [Worker-27: Launching languages - LanguagesApplication] INFO  o.e.m.c.i.embedder.EclipseLogger - Using 'UTF-8' encoding to copy filtered properties files.
2022-11-06 22:33:55,622 [Worker-27: Launching languages - LanguagesApplication] INFO  o.e.m.c.i.embedder.EclipseLogger - Copying 0 resource
2022-11-06 22:33:55,622 [Worker-27: Launching languages - LanguagesApplication] INFO  o.e.m.c.i.embedder.EclipseLogger - Copying 0 resource
2022-11-06 22:33:55,629 [Worker-27: Launching languages - LanguagesApplication] INFO  o.e.m.c.i.embedder.EclipseLogger - Using 'UTF-8' encoding to copy filtered resources.
2022-11-06 22:33:55,629 [Worker-27: Launching languages - LanguagesApplication] INFO  o.e.m.c.i.embedder.EclipseLogger - Using 'UTF-8' encoding to copy filtered properties files.
2022-11-06 22:33:55,630 [Worker-27: Launching languages - LanguagesApplication] INFO  o.e.m.c.i.embedder.EclipseLogger - skip non existing resourceDirectory C:\Users\ÇÈÏÇÚ\Desktop\Languages\languages\src\test\resources
2022-11-06 22:34:56,934 [Worker-24: Launching languages - LanguagesApplication] INFO  o.e.m.c.i.embedder.EclipseLogger - Using 'UTF-8' encoding to copy filtered resources.
2022-11-06 22:34:56,934 [Worker-24: Launching languages - LanguagesApplication] INFO  o.e.m.c.i.embedder.EclipseLogger - Using 'UTF-8' encoding to copy filtered properties files.
2022-11-06 22:34:56,935 [Worker-24: Launching languages - LanguagesApplication] INFO  o.e.m.c.i.embedder.EclipseLogger - Copying 0 resource
2022-11-06 22:34:56,935 [Worker-24: Launching languages - LanguagesApplication] INFO  o.e.m.c.i.embedder.EclipseLogger - Copying 0 resource
2022-11-06 22:34:56,940 [Worker-24: Launching languages - LanguagesApplication] INFO  o.e.m.c.i.embedder.EclipseLogger - Using 'UTF-8' encoding to copy filtered resources.
2022-11-06 22:34:56,941 [Worker-24: Launching languages - LanguagesApplication] INFO  o.e.m.c.i.embedder.EclipseLogger - Using 'UTF-8' encoding to copy filtered properties files.
2022-11-06 22:34:56,941 [Worker-24: Launching languages - LanguagesApplication] INFO  o.e.m.c.i.embedder.EclipseLogger - skip non existing resourceDirectory C:\Users\ÇÈÏÇÚ\Desktop\Languages\languages\src\test\resources
2022-11-06 22:36:36,374 [Worker-30: Launching languages - LanguagesApplication] INFO  o.e.m.c.i.embedder.EclipseLogger - Using 'UTF-8' encoding to copy filtered resources.
2022-11-06 22:36:36,374 [Worker-30: Launching languages - LanguagesApplication] INFO  o.e.m.c.i.embedder.EclipseLogger - Using 'UTF-8' encoding to copy filtered properties files.
2022-11-06 22:36:36,375 [Worker-30: Launching languages - LanguagesApplication] INFO  o.e.m.c.i.embedder.EclipseLogger - Copying 0 resource
2022-11-06 22:36:36,375 [Worker-30: Launching languages - LanguagesApplication] INFO  o.e.m.c.i.embedder.EclipseLogger - Copying 0 resource
2022-11-06 22:36:36,380 [Worker-30: Launching languages - LanguagesApplication] INFO  o.e.m.c.i.embedder.EclipseLogger - Using 'UTF-8' encoding to copy filtered resources.
2022-11-06 22:36:36,380 [Worker-30: Launching languages - LanguagesApplication] INFO  o.e.m.c.i.embedder.EclipseLogger - Using 'UTF-8' encoding to copy filtered properties files.
2022-11-06 22:36:36,380 [Worker-30: Launching languages - LanguagesApplication] INFO  o.e.m.c.i.embedder.EclipseLogger - skip non existing resourceDirectory C:\Users\ÇÈÏÇÚ\Desktop\Languages\languages\src\test\resources
2022-11-06 22:37:43,721 [Worker-31: Launching languages - LanguagesApplication] INFO  o.e.m.c.i.embedder.EclipseLogger - Using 'UTF-8' encoding to copy filtered resources.
2022-11-06 22:37:43,722 [Worker-31: Launching languages - LanguagesApplication] INFO  o.e.m.c.i.embedder.EclipseLogger - Using 'UTF-8' encoding to copy filtered properties files.
2022-11-06 22:37:43,724 [Worker-31: Launching languages - LanguagesApplication] INFO  o.e.m.c.i.embedder.EclipseLogger - Copying 1 resource
2022-11-06 22:37:43,739 [Worker-31: Launching languages - LanguagesApplication] INFO  o.e.m.c.i.embedder.EclipseLogger - Copying 0 resource
2022-11-06 22:37:43,744 [Worker-31: Launching languages - LanguagesApplication] INFO  o.e.m.c.i.embedder.EclipseLogger - Using 'UTF-8' encoding to copy filtered resources.
2022-11-06 22:37:43,744 [Worker-31: Launching languages - LanguagesApplication] INFO  o.e.m.c.i.embedder.EclipseLogger - Using 'UTF-8' encoding to copy filtered properties files.
2022-11-06 22:37:43,745 [Worker-31: Launching languages - LanguagesApplication] INFO  o.e.m.c.i.embedder.EclipseLogger - skip non existing resourceDirectory C:\Users\ÇÈÏÇÚ\Desktop\Languages\languages\src\test\resources
2022-11-06 22:38:36,952 [Worker-30: Launching languages - LanguagesApplication] INFO  o.e.m.c.i.embedder.EclipseLogger - Using 'UTF-8' encoding to copy filtered resources.
2022-11-06 22:38:36,952 [Worker-30: Launching languages - LanguagesApplication] INFO  o.e.m.c.i.embedder.EclipseLogger - Using 'UTF-8' encoding to copy filtered properties files.
2022-11-06 22:38:36,953 [Worker-30: Launching languages - LanguagesApplication] INFO  o.e.m.c.i.embedder.EclipseLogger - Copying 0 resource
2022-11-06 22:38:36,953 [Worker-30: Launching languages - LanguagesApplication] INFO  o.e.m.c.i.embedder.EclipseLogger - Copying 0 resource
2022-11-06 22:38:36,958 [Worker-30: Launching languages - LanguagesApplication] INFO  o.e.m.c.i.embedder.EclipseLogger - Using 'UTF-8' encoding to copy filtered resources.
2022-11-06 22:38:36,958 [Worker-30: Launching languages - LanguagesApplication] INFO  o.e.m.c.i.embedder.EclipseLogger - Using 'UTF-8' encoding to copy filtered properties files.
2022-11-06 22:38:36,958 [Worker-30: Launching languages - LanguagesApplication] INFO  o.e.m.c.i.embedder.EclipseLogger - skip non existing resourceDirectory C:\Users\ÇÈÏÇÚ\Desktop\Languages\languages\src\test\resources
2022-11-06 22:39:32,277 [Worker-27: Launching languages - LanguagesApplication] INFO  o.e.m.c.i.embedder.EclipseLogger - Using 'UTF-8' encoding to copy filtered resources.
2022-11-06 22:39:32,278 [Worker-27: Launching languages - LanguagesApplication] INFO  o.e.m.c.i.embedder.EclipseLogger - Using 'UTF-8' encoding to copy filtered properties files.
2022-11-06 22:39:32,278 [Worker-27: Launching languages - LanguagesApplication] INFO  o.e.m.c.i.embedder.EclipseLogger - Copying 0 resource
2022-11-06 22:39:32,279 [Worker-27: Launching languages - LanguagesApplication] INFO  o.e.m.c.i.embedder.EclipseLogger - Copying 0 resource
2022-11-06 22:39:32,284 [Worker-27: Launching languages - LanguagesApplication] INFO  o.e.m.c.i.embedder.EclipseLogger - Using 'UTF-8' encoding to copy filtered resources.
2022-11-06 22:39:32,284 [Worker-27: Launching languages - LanguagesApplication] INFO  o.e.m.c.i.embedder.EclipseLogger - Using 'UTF-8' encoding to copy filtered properties files.
2022-11-06 22:39:32,284 [Worker-27: Launching languages - LanguagesApplication] INFO  o.e.m.c.i.embedder.EclipseLogger - skip non existing resourceDirectory C:\Users\ÇÈÏÇÚ\Desktop\Languages\languages\src\test\resources
2022-11-06 22:40:17,900 [Worker-30: Launching languages - LanguagesApplication] INFO  o.e.m.c.i.embedder.EclipseLogger - Using 'UTF-8' encoding to copy filtered resources.
2022-11-06 22:40:17,901 [Worker-30: Launching languages - LanguagesApplication] INFO  o.e.m.c.i.embedder.EclipseLogger - Using 'UTF-8' encoding to copy filtered properties files.
2022-11-06 22:40:17,901 [Worker-30: Launching languages - LanguagesApplication] INFO  o.e.m.c.i.embedder.EclipseLogger - Copying 0 resource
2022-11-06 22:40:17,902 [Worker-30: Launching languages - LanguagesApplication] INFO  o.e.m.c.i.embedder.EclipseLogger - Copying 0 resource
2022-11-06 22:40:17,907 [Worker-30: Launching languages - LanguagesApplication] INFO  o.e.m.c.i.embedder.EclipseLogger - Using 'UTF-8' encoding to copy filtered resources.
2022-11-06 22:40:17,907 [Worker-30: Launching languages - LanguagesApplication] INFO  o.e.m.c.i.embedder.EclipseLogger - Using 'UTF-8' encoding to copy filtered properties files.
2022-11-06 22:40:17,907 [Worker-30: Launching languages - LanguagesApplication] INFO  o.e.m.c.i.embedder.EclipseLogger - skip non existing resourceDirectory C:\Users\ÇÈÏÇÚ\Desktop\Languages\languages\src\test\resources
2022-11-06 22:41:36,228 [Worker-30: Launching languages - LanguagesApplication] INFO  o.e.m.c.i.embedder.EclipseLogger - Using 'UTF-8' encoding to copy filtered resources.
2022-11-06 22:41:36,228 [Worker-30: Launching languages - LanguagesApplication] INFO  o.e.m.c.i.embedder.EclipseLogger - Using 'UTF-8' encoding to copy filtered properties files.
2022-11-06 22:41:36,229 [Worker-30: Launching languages - LanguagesApplication] INFO  o.e.m.c.i.embedder.EclipseLogger - Copying 0 resource
2022-11-06 22:41:36,229 [Worker-30: Launching languages - LanguagesApplication] INFO  o.e.m.c.i.embedder.EclipseLogger - Copying 0 resource
2022-11-06 22:41:36,234 [Worker-30: Launching languages - LanguagesApplication] INFO  o.e.m.c.i.embedder.EclipseLogger - Using 'UTF-8' encoding to copy filtered resources.
2022-11-06 22:41:36,235 [Worker-30: Launching languages - LanguagesApplication] INFO  o.e.m.c.i.embedder.EclipseLogger - Using 'UTF-8' encoding to copy filtered properties files.
2022-11-06 22:41:36,235 [Worker-30: Launching languages - LanguagesApplication] INFO  o.e.m.c.i.embedder.EclipseLogger - skip non existing resourceDirectory C:\Users\ÇÈÏÇÚ\Desktop\Languages\languages\src\test\resources
2022-11-06 22:44:43,621 [Worker-17: Launching languages - LanguagesApplication] INFO  o.e.m.c.i.embedder.EclipseLogger - Using 'UTF-8' encoding to copy filtered resources.
2022-11-06 22:44:43,622 [Worker-17: Launching languages - LanguagesApplication] INFO  o.e.m.c.i.embedder.EclipseLogger - Using 'UTF-8' encoding to copy filtered properties files.
2022-11-06 22:44:43,624 [Worker-17: Launching languages - LanguagesApplication] INFO  o.e.m.c.i.embedder.EclipseLogger - Copying 1 resource
2022-11-06 22:44:43,653 [Worker-17: Launching languages - LanguagesApplication] INFO  o.e.m.c.i.embedder.EclipseLogger - Copying 0 resource
2022-11-06 22:44:43,659 [Worker-17: Launching languages - LanguagesApplication] INFO  o.e.m.c.i.embedder.EclipseLogger - Using 'UTF-8' encoding to copy filtered resources.
2022-11-06 22:44:43,660 [Worker-17: Launching languages - LanguagesApplication] INFO  o.e.m.c.i.embedder.EclipseLogger - Using 'UTF-8' encoding to copy filtered properties files.
2022-11-06 22:44:43,660 [Worker-17: Launching languages - LanguagesApplication] INFO  o.e.m.c.i.embedder.EclipseLogger - skip non existing resourceDirectory C:\Users\ÇÈÏÇÚ\Desktop\Languages\languages\src\test\resources
2022-11-06 22:47:18,395 [Worker-33: Launching languages - LanguagesApplication] INFO  o.e.m.c.i.embedder.EclipseLogger - Using 'UTF-8' encoding to copy filtered resources.
2022-11-06 22:47:18,396 [Worker-33: Launching languages - LanguagesApplication] INFO  o.e.m.c.i.embedder.EclipseLogger - Using 'UTF-8' encoding to copy filtered properties files.
2022-11-06 22:47:18,397 [Worker-33: Launching languages - LanguagesApplication] INFO  o.e.m.c.i.embedder.EclipseLogger - Copying 1 resource
2022-11-06 22:47:18,407 [Worker-33: Launching languages - LanguagesApplication] INFO  o.e.m.c.i.embedder.EclipseLogger - Copying 0 resource
2022-11-06 22:47:18,412 [Worker-33: Launching languages - LanguagesApplication] INFO  o.e.m.c.i.embedder.EclipseLogger - Using 'UTF-8' encoding to copy filtered resources.
2022-11-06 22:47:18,412 [Worker-33: Launching languages - LanguagesApplication] INFO  o.e.m.c.i.embedder.EclipseLogger - Using 'UTF-8' encoding to copy filtered properties files.
2022-11-06 22:47:18,413 [Worker-33: Launching languages - LanguagesApplication] INFO  o.e.m.c.i.embedder.EclipseLogger - skip non existing resourceDirectory C:\Users\ÇÈÏÇÚ\Desktop\Languages\languages\src\test\resources
