2022-11-07 13:44:29,783 [Worker-4: Loading available Gradle versions] INFO  o.e.b.c.i.u.g.PublishedGradleVersions - Gradle version information cache is up-to-date. Trying to read.
2022-11-07 13:46:26,558 [Worker-0: Import Getting Started Content] INFO  o.e.m.c.i.l.LifecycleMappingFactory - Using org.maven.ide.eclipse.wtp.WarLifecycleMapping lifecycle mapping for MavenProject: com.codingdojo.DojoNinjas:DojoNinjas:0.0.1-SNAPSHOT @ C:\Users\ÇÈÏÇÚ\Desktop\DojoAndNinjas\DojoNinjas\pom.xml.
2022-11-07 13:46:57,745 [Worker-0: Import Getting Started Content] INFO  o.e.m.j.i.AbstractJavaProjectConfigurator - Adding source folder /DojoNinjas/src/main/java
2022-11-07 13:46:57,747 [Worker-0: Import Getting Started Content] INFO  o.e.m.j.i.AbstractJavaProjectConfigurator - Adding resource folder /DojoNinjas/src/main/resources
2022-11-07 13:46:57,796 [Worker-0: Import Getting Started Content] INFO  o.e.m.j.i.AbstractJavaProjectConfigurator - Adding resource folder /DojoNinjas/src/main/resources
2022-11-07 13:46:57,818 [Worker-0: Import Getting Started Content] INFO  o.e.m.j.i.AbstractJavaProjectConfigurator - Adding source folder /DojoNinjas/src/test/java
2022-11-07 13:47:10,286 [Worker-0: Import Getting Started Content] INFO  o.e.m.c.i.p.ProjectConfigurationManager - Imported and configured 1 project(s) in 66 sec
2022-11-07 13:47:10,295 [Worker-0: Import Getting Started Content] INFO  o.e.m.c.i.p.ProjectConfigurationManager - Update started
2022-11-07 13:47:11,726 [Worker-0: Import Getting Started Content] INFO  o.e.m.c.i.l.LifecycleMappingFactory - Using org.maven.ide.eclipse.wtp.WarLifecycleMapping lifecycle mapping for MavenProject: com.codingdojo.DojoNinjas:DojoNinjas:0.0.1-SNAPSHOT @ C:\Users\ÇÈÏÇÚ\Desktop\DojoAndNinjas\DojoNinjas\pom.xml.
2022-11-07 13:47:14,724 [Worker-0: Import Getting Started Content] INFO  o.e.m.j.i.AbstractJavaProjectConfigurator - Adding source folder /DojoNinjas/src/main/java
2022-11-07 13:47:14,725 [Worker-0: Import Getting Started Content] INFO  o.e.m.j.i.AbstractJavaProjectConfigurator - Adding resource folder /DojoNinjas/src/main/resources
2022-11-07 13:47:14,726 [Worker-0: Import Getting Started Content] INFO  o.e.m.j.i.AbstractJavaProjectConfigurator - Adding resource folder /DojoNinjas/src/main/resources
2022-11-07 13:47:14,728 [Worker-0: Import Getting Started Content] INFO  o.e.m.j.i.AbstractJavaProjectConfigurator - Adding source folder /DojoNinjas/src/test/java
2022-11-07 13:47:17,668 [Worker-0: Import Getting Started Content] INFO  o.e.m.w.i.f.ResourceFilteringBuildParticipant - Cleaning filtered folder for DojoNinjas
2022-11-07 13:47:17,690 [Worker-0: Import Getting Started Content] INFO  o.e.m.c.i.p.ProjectConfigurationManager - Update completed: 7 sec
2022-11-07 13:47:21,012 [Worker-2: Building] INFO  o.e.m.c.i.embedder.EclipseLogger - Using 'UTF-8' encoding to copy filtered resources.
2022-11-07 13:47:21,013 [Worker-2: Building] INFO  o.e.m.c.i.embedder.EclipseLogger - Using 'UTF-8' encoding to copy filtered properties files.
2022-11-07 13:47:21,021 [Worker-2: Building] INFO  o.e.m.c.i.embedder.EclipseLogger - Copying 1 resource
2022-11-07 13:47:21,052 [Worker-2: Building] INFO  o.e.m.c.i.embedder.EclipseLogger - Copying 0 resource
2022-11-07 13:47:21,062 [Worker-2: Building] INFO  o.e.m.c.i.embedder.EclipseLogger - Using 'UTF-8' encoding to copy filtered resources.
2022-11-07 13:47:21,063 [Worker-2: Building] INFO  o.e.m.c.i.embedder.EclipseLogger - Using 'UTF-8' encoding to copy filtered properties files.
2022-11-07 13:47:21,063 [Worker-2: Building] INFO  o.e.m.c.i.embedder.EclipseLogger - skip non existing resourceDirectory C:\Users\ÇÈÏÇÚ\Desktop\DojoAndNinjas\DojoNinjas\src\test\resources
2022-11-07 13:47:21,064 [Worker-2: Building] INFO  o.e.m.w.i.f.ResourceFilteringBuildParticipant - Changed resources require a complete clean of filtered resources of DojoNinjas
2022-11-07 13:47:21,066 [Worker-2: Building] INFO  o.e.m.w.i.f.ResourceFilteringBuildParticipant - Executing resource filtering for DojoNinjas
2022-11-07 13:47:21,076 [Worker-2: Building] INFO  o.e.m.c.i.embedder.EclipseLogger - Using 'UTF-8' encoding to copy filtered resources.
2022-11-07 13:47:21,076 [Worker-2: Building] INFO  o.e.m.c.i.embedder.EclipseLogger - Using 'UTF-8' encoding to copy filtered properties files.
2022-11-07 13:47:34,039 [Worker-3: Building] INFO  o.e.m.c.i.l.LifecycleMappingFactory - Using org.maven.ide.eclipse.wtp.WarLifecycleMapping lifecycle mapping for MavenProject: com.codingdojo.DojoNinjas:DojoNinjas:0.0.1-SNAPSHOT @ C:\Users\ÇÈÏÇÚ\Desktop\DojoAndNinjas\DojoNinjas\pom.xml.
2022-11-07 13:47:34,640 [Worker-3: Building] WARN  o.e.m.c.i.embedder.EclipseLogger - The artifact mysql:mysql-connector-java:jar:8.0.31 has been relocated to com.mysql:mysql-connector-j:jar:8.0.31: MySQL Connector/J artifacts moved to reverse-DNS compliant Maven 2+ coordinates.
2022-11-07 13:47:34,757 [Worker-3: Building] WARN  o.e.m.c.i.embedder.EclipseLogger - The artifact mysql:mysql-connector-java:jar:8.0.31 has been relocated to com.mysql:mysql-connector-j:jar:8.0.31: MySQL Connector/J artifacts moved to reverse-DNS compliant Maven 2+ coordinates.
2022-11-07 13:47:36,749 [Worker-3: Building] INFO  o.e.m.c.i.embedder.EclipseLogger - Using 'UTF-8' encoding to copy filtered resources.
2022-11-07 13:47:36,750 [Worker-3: Building] INFO  o.e.m.c.i.embedder.EclipseLogger - Using 'UTF-8' encoding to copy filtered properties files.
2022-11-07 13:47:36,755 [Worker-3: Building] INFO  o.e.m.c.i.embedder.EclipseLogger - Copying 0 resource
2022-11-07 13:47:36,756 [Worker-3: Building] INFO  o.e.m.c.i.embedder.EclipseLogger - Copying 0 resource
2022-11-07 13:47:36,767 [Worker-3: Building] INFO  o.e.m.c.i.embedder.EclipseLogger - Using 'UTF-8' encoding to copy filtered resources.
2022-11-07 13:47:36,768 [Worker-3: Building] INFO  o.e.m.c.i.embedder.EclipseLogger - Using 'UTF-8' encoding to copy filtered properties files.
2022-11-07 13:47:36,768 [Worker-3: Building] INFO  o.e.m.c.i.embedder.EclipseLogger - skip non existing resourceDirectory C:\Users\ÇÈÏÇÚ\Desktop\DojoAndNinjas\DojoNinjas\src\test\resources
2022-11-07 13:47:36,769 [Worker-3: Building] INFO  o.e.m.w.i.f.ResourceFilteringBuildParticipant - Changed resources require a complete clean of filtered resources of DojoNinjas
2022-11-07 13:47:36,769 [Worker-3: Building] INFO  o.e.m.w.i.f.ResourceFilteringBuildParticipant - Executing resource filtering for DojoNinjas
2022-11-07 13:47:36,798 [Worker-3: Building] INFO  o.e.m.c.i.embedder.EclipseLogger - Using 'UTF-8' encoding to copy filtered resources.
2022-11-07 13:47:36,799 [Worker-3: Building] INFO  o.e.m.c.i.embedder.EclipseLogger - Using 'UTF-8' encoding to copy filtered properties files.
2022-11-07 13:47:40,080 [Worker-3: Building] INFO  o.e.m.c.i.embedder.EclipseLogger - Using 'UTF-8' encoding to copy filtered resources.
2022-11-07 13:47:40,081 [Worker-3: Building] INFO  o.e.m.c.i.embedder.EclipseLogger - Using 'UTF-8' encoding to copy filtered properties files.
2022-11-07 13:47:40,086 [Worker-3: Building] INFO  o.e.m.c.i.embedder.EclipseLogger - Copying 1 resource
2022-11-07 13:47:40,138 [Worker-3: Building] INFO  o.e.m.c.i.embedder.EclipseLogger - Copying 0 resource
2022-11-07 13:47:40,148 [Worker-3: Building] INFO  o.e.m.c.i.embedder.EclipseLogger - Using 'UTF-8' encoding to copy filtered resources.
2022-11-07 13:47:40,148 [Worker-3: Building] INFO  o.e.m.c.i.embedder.EclipseLogger - Using 'UTF-8' encoding to copy filtered properties files.
2022-11-07 13:47:40,149 [Worker-3: Building] INFO  o.e.m.c.i.embedder.EclipseLogger - skip non existing resourceDirectory C:\Users\ÇÈÏÇÚ\Desktop\DojoAndNinjas\DojoNinjas\src\test\resources
2022-11-07 13:48:05,511 [Worker-4: Building] INFO  o.e.m.c.i.embedder.EclipseLogger - Using 'UTF-8' encoding to copy filtered resources.
2022-11-07 13:48:05,512 [Worker-4: Building] INFO  o.e.m.c.i.embedder.EclipseLogger - Using 'UTF-8' encoding to copy filtered properties files.
2022-11-07 13:48:05,512 [Worker-4: Building] INFO  o.e.m.c.i.embedder.EclipseLogger - Copying 0 resource
2022-11-07 13:48:05,513 [Worker-4: Building] INFO  o.e.m.c.i.embedder.EclipseLogger - Copying 0 resource
2022-11-07 13:48:05,519 [Worker-4: Building] INFO  o.e.m.c.i.embedder.EclipseLogger - Using 'UTF-8' encoding to copy filtered resources.
2022-11-07 13:48:05,519 [Worker-4: Building] INFO  o.e.m.c.i.embedder.EclipseLogger - Using 'UTF-8' encoding to copy filtered properties files.
2022-11-07 13:48:05,519 [Worker-4: Building] INFO  o.e.m.c.i.embedder.EclipseLogger - skip non existing resourceDirectory C:\Users\ÇÈÏÇÚ\Desktop\DojoAndNinjas\DojoNinjas\src\test\resources
2022-11-07 13:48:42,582 [Worker-7: Building] INFO  o.e.m.c.i.embedder.EclipseLogger - Using 'UTF-8' encoding to copy filtered resources.
2022-11-07 13:48:42,583 [Worker-7: Building] INFO  o.e.m.c.i.embedder.EclipseLogger - Using 'UTF-8' encoding to copy filtered properties files.
2022-11-07 13:48:42,587 [Worker-7: Building] INFO  o.e.m.c.i.embedder.EclipseLogger - Copying 1 resource
2022-11-07 13:48:42,599 [Worker-7: Building] INFO  o.e.m.c.i.embedder.EclipseLogger - Copying 0 resource
2022-11-07 13:48:42,605 [Worker-7: Building] INFO  o.e.m.c.i.embedder.EclipseLogger - Using 'UTF-8' encoding to copy filtered resources.
2022-11-07 13:48:42,606 [Worker-7: Building] INFO  o.e.m.c.i.embedder.EclipseLogger - Using 'UTF-8' encoding to copy filtered properties files.
2022-11-07 13:48:42,607 [Worker-7: Building] INFO  o.e.m.c.i.embedder.EclipseLogger - skip non existing resourceDirectory C:\Users\ÇÈÏÇÚ\Desktop\DojoAndNinjas\DojoNinjas\src\test\resources
2022-11-07 13:51:22,243 [Worker-6: Building] INFO  o.e.m.c.i.embedder.EclipseLogger - Using 'UTF-8' encoding to copy filtered resources.
2022-11-07 13:51:22,244 [Worker-6: Building] INFO  o.e.m.c.i.embedder.EclipseLogger - Using 'UTF-8' encoding to copy filtered properties files.
2022-11-07 13:51:22,247 [Worker-6: Building] INFO  o.e.m.c.i.embedder.EclipseLogger - Copying 1 resource
2022-11-07 13:51:22,272 [Worker-6: Building] INFO  o.e.m.c.i.embedder.EclipseLogger - Copying 0 resource
2022-11-07 13:51:22,283 [Worker-6: Building] INFO  o.e.m.c.i.embedder.EclipseLogger - Using 'UTF-8' encoding to copy filtered resources.
2022-11-07 13:51:22,283 [Worker-6: Building] INFO  o.e.m.c.i.embedder.EclipseLogger - Using 'UTF-8' encoding to copy filtered properties files.
2022-11-07 13:51:22,283 [Worker-6: Building] INFO  o.e.m.c.i.embedder.EclipseLogger - skip non existing resourceDirectory C:\Users\ÇÈÏÇÚ\Desktop\DojoAndNinjas\DojoNinjas\src\test\resources
2022-11-07 13:52:59,509 [Worker-4: Loading available Gradle versions] INFO  o.e.b.c.i.u.g.PublishedGradleVersions - Gradle version information cache is up-to-date. Trying to read.
2022-11-07 13:53:19,818 [Worker-1: Check for devtools] WARN  o.e.m.c.i.embedder.EclipseLogger - The artifact mysql:mysql-connector-java:jar:8.0.31 has been relocated to com.mysql:mysql-connector-j:jar:8.0.31: MySQL Connector/J artifacts moved to reverse-DNS compliant Maven 2+ coordinates.
2022-11-07 13:53:46,230 [Worker-2: Building] INFO  o.e.m.c.i.embedder.EclipseLogger - Using 'UTF-8' encoding to copy filtered resources.
2022-11-07 13:53:46,231 [Worker-2: Building] INFO  o.e.m.c.i.embedder.EclipseLogger - Using 'UTF-8' encoding to copy filtered properties files.
2022-11-07 13:53:46,241 [Worker-2: Building] INFO  o.e.m.c.i.embedder.EclipseLogger - Copying 1 resource
2022-11-07 13:53:46,282 [Worker-2: Building] INFO  o.e.m.c.i.embedder.EclipseLogger - Copying 0 resource
2022-11-07 13:53:46,295 [Worker-2: Building] INFO  o.e.m.c.i.embedder.EclipseLogger - Using 'UTF-8' encoding to copy filtered resources.
2022-11-07 13:53:46,295 [Worker-2: Building] INFO  o.e.m.c.i.embedder.EclipseLogger - Using 'UTF-8' encoding to copy filtered properties files.
2022-11-07 13:53:46,299 [Worker-2: Building] INFO  o.e.m.c.i.embedder.EclipseLogger - skip non existing resourceDirectory C:\Users\ÇÈÏÇÚ\Desktop\DojoAndNinjas\DojoNinjas\src\test\resources
2022-11-07 13:54:08,740 [Worker-5: Building] INFO  o.e.m.c.i.embedder.EclipseLogger - Using 'UTF-8' encoding to copy filtered resources.
2022-11-07 13:54:08,740 [Worker-5: Building] INFO  o.e.m.c.i.embedder.EclipseLogger - Using 'UTF-8' encoding to copy filtered properties files.
2022-11-07 13:54:08,744 [Worker-5: Building] INFO  o.e.m.c.i.embedder.EclipseLogger - Copying 1 resource
2022-11-07 13:54:08,758 [Worker-5: Building] INFO  o.e.m.c.i.embedder.EclipseLogger - Copying 0 resource
2022-11-07 13:54:08,767 [Worker-5: Building] INFO  o.e.m.c.i.embedder.EclipseLogger - Using 'UTF-8' encoding to copy filtered resources.
2022-11-07 13:54:08,768 [Worker-5: Building] INFO  o.e.m.c.i.embedder.EclipseLogger - Using 'UTF-8' encoding to copy filtered properties files.
2022-11-07 13:54:08,768 [Worker-5: Building] INFO  o.e.m.c.i.embedder.EclipseLogger - skip non existing resourceDirectory C:\Users\ÇÈÏÇÚ\Desktop\DojoAndNinjas\DojoNinjas\src\test\resources
2022-11-07 13:54:13,883 [Worker-2: Building] INFO  o.e.m.c.i.embedder.EclipseLogger - Using 'UTF-8' encoding to copy filtered resources.
2022-11-07 13:54:13,883 [Worker-2: Building] INFO  o.e.m.c.i.embedder.EclipseLogger - Using 'UTF-8' encoding to copy filtered properties files.
2022-11-07 13:54:13,886 [Worker-2: Building] INFO  o.e.m.c.i.embedder.EclipseLogger - Copying 1 resource
2022-11-07 13:54:13,923 [Worker-2: Building] INFO  o.e.m.c.i.embedder.EclipseLogger - Copying 0 resource
2022-11-07 13:54:13,934 [Worker-2: Building] INFO  o.e.m.c.i.embedder.EclipseLogger - Using 'UTF-8' encoding to copy filtered resources.
2022-11-07 13:54:13,934 [Worker-2: Building] INFO  o.e.m.c.i.embedder.EclipseLogger - Using 'UTF-8' encoding to copy filtered properties files.
2022-11-07 13:54:13,934 [Worker-2: Building] INFO  o.e.m.c.i.embedder.EclipseLogger - skip non existing resourceDirectory C:\Users\ÇÈÏÇÚ\Desktop\DojoAndNinjas\DojoNinjas\src\test\resources
2022-11-07 13:55:29,458 [Worker-4: Building] INFO  o.e.m.c.i.embedder.EclipseLogger - Using 'UTF-8' encoding to copy filtered resources.
2022-11-07 13:55:29,458 [Worker-4: Building] INFO  o.e.m.c.i.embedder.EclipseLogger - Using 'UTF-8' encoding to copy filtered properties files.
2022-11-07 13:55:29,460 [Worker-4: Building] INFO  o.e.m.c.i.embedder.EclipseLogger - Copying 1 resource
2022-11-07 13:55:29,499 [Worker-4: Building] INFO  o.e.m.c.i.embedder.EclipseLogger - Copying 0 resource
2022-11-07 13:55:29,525 [Worker-4: Building] INFO  o.e.m.c.i.embedder.EclipseLogger - Using 'UTF-8' encoding to copy filtered resources.
2022-11-07 13:55:29,526 [Worker-4: Building] INFO  o.e.m.c.i.embedder.EclipseLogger - Using 'UTF-8' encoding to copy filtered properties files.
2022-11-07 13:55:29,526 [Worker-4: Building] INFO  o.e.m.c.i.embedder.EclipseLogger - skip non existing resourceDirectory C:\Users\ÇÈÏÇÚ\Desktop\DojoAndNinjas\DojoNinjas\src\test\resources
2022-11-07 13:55:30,623 [Worker-6: Building] INFO  o.e.m.c.i.embedder.EclipseLogger - Using 'UTF-8' encoding to copy filtered resources.
2022-11-07 13:55:30,624 [Worker-6: Building] INFO  o.e.m.c.i.embedder.EclipseLogger - Using 'UTF-8' encoding to copy filtered properties files.
2022-11-07 13:55:30,626 [Worker-6: Building] INFO  o.e.m.c.i.embedder.EclipseLogger - Copying 0 resource
2022-11-07 13:55:30,626 [Worker-6: Building] INFO  o.e.m.c.i.embedder.EclipseLogger - Copying 0 resource
2022-11-07 13:55:30,637 [Worker-6: Building] INFO  o.e.m.c.i.embedder.EclipseLogger - Using 'UTF-8' encoding to copy filtered resources.
2022-11-07 13:55:30,637 [Worker-6: Building] INFO  o.e.m.c.i.embedder.EclipseLogger - Using 'UTF-8' encoding to copy filtered properties files.
2022-11-07 13:55:30,638 [Worker-6: Building] INFO  o.e.m.c.i.embedder.EclipseLogger - skip non existing resourceDirectory C:\Users\ÇÈÏÇÚ\Desktop\DojoAndNinjas\DojoNinjas\src\test\resources
2022-11-07 13:57:36,845 [Worker-0: Building] INFO  o.e.m.c.i.embedder.EclipseLogger - Using 'UTF-8' encoding to copy filtered resources.
2022-11-07 13:57:36,846 [Worker-0: Building] INFO  o.e.m.c.i.embedder.EclipseLogger - Using 'UTF-8' encoding to copy filtered properties files.
2022-11-07 13:57:36,848 [Worker-0: Building] INFO  o.e.m.c.i.embedder.EclipseLogger - Copying 1 resource
2022-11-07 13:57:36,862 [Worker-0: Building] INFO  o.e.m.c.i.embedder.EclipseLogger - Copying 0 resource
2022-11-07 13:57:36,873 [Worker-0: Building] INFO  o.e.m.c.i.embedder.EclipseLogger - Using 'UTF-8' encoding to copy filtered resources.
2022-11-07 13:57:36,874 [Worker-0: Building] INFO  o.e.m.c.i.embedder.EclipseLogger - Using 'UTF-8' encoding to copy filtered properties files.
2022-11-07 13:57:36,875 [Worker-0: Building] INFO  o.e.m.c.i.embedder.EclipseLogger - skip non existing resourceDirectory C:\Users\ÇÈÏÇÚ\Desktop\DojoAndNinjas\DojoNinjas\src\test\resources
2022-11-07 14:00:24,968 [Worker-7: Building] INFO  o.e.m.c.i.embedder.EclipseLogger - Using 'UTF-8' encoding to copy filtered resources.
2022-11-07 14:00:24,968 [Worker-7: Building] INFO  o.e.m.c.i.embedder.EclipseLogger - Using 'UTF-8' encoding to copy filtered properties files.
2022-11-07 14:00:24,971 [Worker-7: Building] INFO  o.e.m.c.i.embedder.EclipseLogger - Copying 1 resource
2022-11-07 14:00:24,983 [Worker-7: Building] INFO  o.e.m.c.i.embedder.EclipseLogger - Copying 0 resource
2022-11-07 14:00:24,990 [Worker-7: Building] INFO  o.e.m.c.i.embedder.EclipseLogger - Using 'UTF-8' encoding to copy filtered resources.
2022-11-07 14:00:24,990 [Worker-7: Building] INFO  o.e.m.c.i.embedder.EclipseLogger - Using 'UTF-8' encoding to copy filtered properties files.
2022-11-07 14:00:24,991 [Worker-7: Building] INFO  o.e.m.c.i.embedder.EclipseLogger - skip non existing resourceDirectory C:\Users\ÇÈÏÇÚ\Desktop\DojoAndNinjas\DojoNinjas\src\test\resources
2022-11-07 14:00:41,034 [Worker-10: Building] INFO  o.e.m.c.i.embedder.EclipseLogger - Using 'UTF-8' encoding to copy filtered resources.
2022-11-07 14:00:41,034 [Worker-10: Building] INFO  o.e.m.c.i.embedder.EclipseLogger - Using 'UTF-8' encoding to copy filtered properties files.
2022-11-07 14:00:41,036 [Worker-10: Building] INFO  o.e.m.c.i.embedder.EclipseLogger - Copying 1 resource
2022-11-07 14:00:41,048 [Worker-10: Building] INFO  o.e.m.c.i.embedder.EclipseLogger - Copying 0 resource
2022-11-07 14:00:41,058 [Worker-10: Building] INFO  o.e.m.c.i.embedder.EclipseLogger - Using 'UTF-8' encoding to copy filtered resources.
2022-11-07 14:00:41,058 [Worker-10: Building] INFO  o.e.m.c.i.embedder.EclipseLogger - Using 'UTF-8' encoding to copy filtered properties files.
2022-11-07 14:00:41,059 [Worker-10: Building] INFO  o.e.m.c.i.embedder.EclipseLogger - skip non existing resourceDirectory C:\Users\ÇÈÏÇÚ\Desktop\DojoAndNinjas\DojoNinjas\src\test\resources
2022-11-07 14:01:10,813 [Start Help Server] INFO  org.eclipse.jetty.server.Server - jetty-10.0.11; built: 2022-06-21T21:12:44.640Z; git: d988aa016e0bb2de6fba84c1659049c72eae3e32; jvm 17.0.4.1+1
2022-11-07 14:01:10,869 [Start Help Server] INFO  o.e.j.s.s.DefaultSessionIdManager - Session workerName=node0
2022-11-07 14:01:10,972 [Start Help Server] INFO  o.e.j.server.handler.ContextHandler - Started o.e.j.s.ServletContextHandler@69f5d8cb{/help,null,AVAILABLE}
2022-11-07 14:01:11,072 [Start Help Server] INFO  o.e.jetty.server.AbstractConnector - Started ServerConnector@5aca823d{HTTP/1.1, (http/1.1)}{127.0.0.1:52050}
2022-11-07 14:01:11,113 [Start Help Server] INFO  org.eclipse.jetty.server.Server - Started Server@2d79c4a3{STARTING}[10.0.11,sto=0] @522996ms
2022-11-07 14:04:42,166 [Worker-0: Building] INFO  o.e.m.c.i.embedder.EclipseLogger - Using 'UTF-8' encoding to copy filtered resources.
2022-11-07 14:04:42,167 [Worker-0: Building] INFO  o.e.m.c.i.embedder.EclipseLogger - Using 'UTF-8' encoding to copy filtered properties files.
2022-11-07 14:04:42,169 [Worker-0: Building] INFO  o.e.m.c.i.embedder.EclipseLogger - Copying 1 resource
2022-11-07 14:04:42,179 [Worker-0: Building] INFO  o.e.m.c.i.embedder.EclipseLogger - Copying 0 resource
2022-11-07 14:04:42,185 [Worker-0: Building] INFO  o.e.m.c.i.embedder.EclipseLogger - Using 'UTF-8' encoding to copy filtered resources.
2022-11-07 14:04:42,186 [Worker-0: Building] INFO  o.e.m.c.i.embedder.EclipseLogger - Using 'UTF-8' encoding to copy filtered properties files.
2022-11-07 14:04:42,186 [Worker-0: Building] INFO  o.e.m.c.i.embedder.EclipseLogger - skip non existing resourceDirectory C:\Users\ÇÈÏÇÚ\Desktop\DojoAndNinjas\DojoNinjas\src\test\resources
2022-11-07 14:04:46,839 [Worker-10: Building] INFO  o.e.m.c.i.embedder.EclipseLogger - Using 'UTF-8' encoding to copy filtered resources.
2022-11-07 14:04:46,839 [Worker-10: Building] INFO  o.e.m.c.i.embedder.EclipseLogger - Using 'UTF-8' encoding to copy filtered properties files.
2022-11-07 14:04:46,842 [Worker-10: Building] INFO  o.e.m.c.i.embedder.EclipseLogger - Copying 1 resource
2022-11-07 14:04:46,859 [Worker-10: Building] INFO  o.e.m.c.i.embedder.EclipseLogger - Copying 0 resource
2022-11-07 14:04:46,870 [Worker-10: Building] INFO  o.e.m.c.i.embedder.EclipseLogger - Using 'UTF-8' encoding to copy filtered resources.
2022-11-07 14:04:46,870 [Worker-10: Building] INFO  o.e.m.c.i.embedder.EclipseLogger - Using 'UTF-8' encoding to copy filtered properties files.
2022-11-07 14:04:46,871 [Worker-10: Building] INFO  o.e.m.c.i.embedder.EclipseLogger - skip non existing resourceDirectory C:\Users\ÇÈÏÇÚ\Desktop\DojoAndNinjas\DojoNinjas\src\test\resources
2022-11-07 14:05:33,320 [Worker-9: Building] INFO  o.e.m.c.i.embedder.EclipseLogger - Using 'UTF-8' encoding to copy filtered resources.
2022-11-07 14:05:33,321 [Worker-9: Building] INFO  o.e.m.c.i.embedder.EclipseLogger - Using 'UTF-8' encoding to copy filtered properties files.
2022-11-07 14:05:33,345 [Worker-9: Building] INFO  o.e.m.c.i.embedder.EclipseLogger - Copying 1 resource
2022-11-07 14:05:33,356 [Worker-9: Building] INFO  o.e.m.c.i.embedder.EclipseLogger - Copying 0 resource
2022-11-07 14:05:33,363 [Worker-9: Building] INFO  o.e.m.c.i.embedder.EclipseLogger - Using 'UTF-8' encoding to copy filtered resources.
2022-11-07 14:05:33,363 [Worker-9: Building] INFO  o.e.m.c.i.embedder.EclipseLogger - Using 'UTF-8' encoding to copy filtered properties files.
2022-11-07 14:05:33,364 [Worker-9: Building] INFO  o.e.m.c.i.embedder.EclipseLogger - skip non existing resourceDirectory C:\Users\ÇÈÏÇÚ\Desktop\DojoAndNinjas\DojoNinjas\src\test\resources
2022-11-07 14:17:35,508 [Worker-12: Building] INFO  o.e.m.c.i.embedder.EclipseLogger - Using 'UTF-8' encoding to copy filtered resources.
2022-11-07 14:17:35,509 [Worker-12: Building] INFO  o.e.m.c.i.embedder.EclipseLogger - Using 'UTF-8' encoding to copy filtered properties files.
2022-11-07 14:17:35,512 [Worker-12: Building] INFO  o.e.m.c.i.embedder.EclipseLogger - Copying 1 resource
2022-11-07 14:17:35,523 [Worker-12: Building] INFO  o.e.m.c.i.embedder.EclipseLogger - Copying 0 resource
2022-11-07 14:17:35,536 [Worker-12: Building] INFO  o.e.m.c.i.embedder.EclipseLogger - Using 'UTF-8' encoding to copy filtered resources.
2022-11-07 14:17:35,537 [Worker-12: Building] INFO  o.e.m.c.i.embedder.EclipseLogger - Using 'UTF-8' encoding to copy filtered properties files.
2022-11-07 14:17:35,537 [Worker-12: Building] INFO  o.e.m.c.i.embedder.EclipseLogger - skip non existing resourceDirectory C:\Users\ÇÈÏÇÚ\Desktop\DojoAndNinjas\DojoNinjas\src\test\resources
2022-11-07 14:24:45,130 [Worker-10: Building] INFO  o.e.m.c.i.embedder.EclipseLogger - Using 'UTF-8' encoding to copy filtered resources.
2022-11-07 14:24:45,130 [Worker-10: Building] INFO  o.e.m.c.i.embedder.EclipseLogger - Using 'UTF-8' encoding to copy filtered properties files.
2022-11-07 14:24:45,131 [Worker-10: Building] INFO  o.e.m.c.i.embedder.EclipseLogger - Copying 0 resource
2022-11-07 14:24:45,131 [Worker-10: Building] INFO  o.e.m.c.i.embedder.EclipseLogger - Copying 0 resource
2022-11-07 14:24:45,137 [Worker-10: Building] INFO  o.e.m.c.i.embedder.EclipseLogger - Using 'UTF-8' encoding to copy filtered resources.
2022-11-07 14:24:45,138 [Worker-10: Building] INFO  o.e.m.c.i.embedder.EclipseLogger - Using 'UTF-8' encoding to copy filtered properties files.
2022-11-07 14:24:45,138 [Worker-10: Building] INFO  o.e.m.c.i.embedder.EclipseLogger - skip non existing resourceDirectory C:\Users\ÇÈÏÇÚ\Desktop\DojoAndNinjas\DojoNinjas\src\test\resources
2022-11-07 14:24:51,184 [Worker-10: Building] INFO  o.e.m.c.i.embedder.EclipseLogger - Using 'UTF-8' encoding to copy filtered resources.
2022-11-07 14:24:51,185 [Worker-10: Building] INFO  o.e.m.c.i.embedder.EclipseLogger - Using 'UTF-8' encoding to copy filtered properties files.
2022-11-07 14:24:51,185 [Worker-10: Building] INFO  o.e.m.c.i.embedder.EclipseLogger - Copying 0 resource
2022-11-07 14:24:51,186 [Worker-10: Building] INFO  o.e.m.c.i.embedder.EclipseLogger - Copying 0 resource
2022-11-07 14:24:51,193 [Worker-10: Building] INFO  o.e.m.c.i.embedder.EclipseLogger - Using 'UTF-8' encoding to copy filtered resources.
2022-11-07 14:24:51,193 [Worker-10: Building] INFO  o.e.m.c.i.embedder.EclipseLogger - Using 'UTF-8' encoding to copy filtered properties files.
2022-11-07 14:24:51,193 [Worker-10: Building] INFO  o.e.m.c.i.embedder.EclipseLogger - skip non existing resourceDirectory C:\Users\ÇÈÏÇÚ\Desktop\DojoAndNinjas\DojoNinjas\src\test\resources
2022-11-07 14:26:39,911 [Worker-13: Launching DojoNinjas - DojoNinjasApplication] INFO  o.e.m.c.i.embedder.EclipseLogger - Using 'UTF-8' encoding to copy filtered resources.
2022-11-07 14:26:39,912 [Worker-13: Launching DojoNinjas - DojoNinjasApplication] INFO  o.e.m.c.i.embedder.EclipseLogger - Using 'UTF-8' encoding to copy filtered properties files.
2022-11-07 14:26:39,914 [Worker-13: Launching DojoNinjas - DojoNinjasApplication] INFO  o.e.m.c.i.embedder.EclipseLogger - Copying 1 resource
2022-11-07 14:26:39,926 [Worker-13: Launching DojoNinjas - DojoNinjasApplication] INFO  o.e.m.c.i.embedder.EclipseLogger - Copying 0 resource
2022-11-07 14:26:39,932 [Worker-13: Launching DojoNinjas - DojoNinjasApplication] INFO  o.e.m.c.i.embedder.EclipseLogger - Using 'UTF-8' encoding to copy filtered resources.
2022-11-07 14:26:39,932 [Worker-13: Launching DojoNinjas - DojoNinjasApplication] INFO  o.e.m.c.i.embedder.EclipseLogger - Using 'UTF-8' encoding to copy filtered properties files.
2022-11-07 14:26:39,932 [Worker-13: Launching DojoNinjas - DojoNinjasApplication] INFO  o.e.m.c.i.embedder.EclipseLogger - skip non existing resourceDirectory C:\Users\ÇÈÏÇÚ\Desktop\DojoAndNinjas\DojoNinjas\src\test\resources
2022-11-07 14:28:48,569 [Worker-13: Launching DojoNinjas - DojoNinjasApplication] INFO  o.e.m.c.i.embedder.EclipseLogger - Using 'UTF-8' encoding to copy filtered resources.
2022-11-07 14:28:48,570 [Worker-13: Launching DojoNinjas - DojoNinjasApplication] INFO  o.e.m.c.i.embedder.EclipseLogger - Using 'UTF-8' encoding to copy filtered properties files.
2022-11-07 14:28:48,571 [Worker-13: Launching DojoNinjas - DojoNinjasApplication] INFO  o.e.m.c.i.embedder.EclipseLogger - Copying 0 resource
2022-11-07 14:28:48,571 [Worker-13: Launching DojoNinjas - DojoNinjasApplication] INFO  o.e.m.c.i.embedder.EclipseLogger - Copying 0 resource
2022-11-07 14:28:48,582 [Worker-13: Launching DojoNinjas - DojoNinjasApplication] INFO  o.e.m.c.i.embedder.EclipseLogger - Using 'UTF-8' encoding to copy filtered resources.
2022-11-07 14:28:48,583 [Worker-13: Launching DojoNinjas - DojoNinjasApplication] INFO  o.e.m.c.i.embedder.EclipseLogger - Using 'UTF-8' encoding to copy filtered properties files.
2022-11-07 14:28:48,583 [Worker-13: Launching DojoNinjas - DojoNinjasApplication] INFO  o.e.m.c.i.embedder.EclipseLogger - skip non existing resourceDirectory C:\Users\ÇÈÏÇÚ\Desktop\DojoAndNinjas\DojoNinjas\src\test\resources
2022-11-07 14:32:48,013 [Worker-15: Launching DojoNinjas - DojoNinjasApplication] INFO  o.e.m.c.i.embedder.EclipseLogger - Using 'UTF-8' encoding to copy filtered resources.
2022-11-07 14:32:48,014 [Worker-15: Launching DojoNinjas - DojoNinjasApplication] INFO  o.e.m.c.i.embedder.EclipseLogger - Using 'UTF-8' encoding to copy filtered properties files.
2022-11-07 14:32:48,016 [Worker-15: Launching DojoNinjas - DojoNinjasApplication] INFO  o.e.m.c.i.embedder.EclipseLogger - Copying 1 resource
2022-11-07 14:32:48,026 [Worker-15: Launching DojoNinjas - DojoNinjasApplication] INFO  o.e.m.c.i.embedder.EclipseLogger - Copying 0 resource
2022-11-07 14:32:48,032 [Worker-15: Launching DojoNinjas - DojoNinjasApplication] INFO  o.e.m.c.i.embedder.EclipseLogger - Using 'UTF-8' encoding to copy filtered resources.
2022-11-07 14:32:48,032 [Worker-15: Launching DojoNinjas - DojoNinjasApplication] INFO  o.e.m.c.i.embedder.EclipseLogger - Using 'UTF-8' encoding to copy filtered properties files.
2022-11-07 14:32:48,033 [Worker-15: Launching DojoNinjas - DojoNinjasApplication] INFO  o.e.m.c.i.embedder.EclipseLogger - skip non existing resourceDirectory C:\Users\ÇÈÏÇÚ\Desktop\DojoAndNinjas\DojoNinjas\src\test\resources
2022-11-07 14:36:04,058 [Worker-15: Building] INFO  o.e.m.c.i.embedder.EclipseLogger - Using 'UTF-8' encoding to copy filtered resources.
2022-11-07 14:36:04,058 [Worker-15: Building] INFO  o.e.m.c.i.embedder.EclipseLogger - Using 'UTF-8' encoding to copy filtered properties files.
2022-11-07 14:36:04,059 [Worker-15: Building] INFO  o.e.m.c.i.embedder.EclipseLogger - Copying 0 resource
2022-11-07 14:36:04,059 [Worker-15: Building] INFO  o.e.m.c.i.embedder.EclipseLogger - Copying 0 resource
2022-11-07 14:36:04,066 [Worker-15: Building] INFO  o.e.m.c.i.embedder.EclipseLogger - Using 'UTF-8' encoding to copy filtered resources.
2022-11-07 14:36:04,066 [Worker-15: Building] INFO  o.e.m.c.i.embedder.EclipseLogger - Using 'UTF-8' encoding to copy filtered properties files.
2022-11-07 14:36:04,067 [Worker-15: Building] INFO  o.e.m.c.i.embedder.EclipseLogger - skip non existing resourceDirectory C:\Users\ÇÈÏÇÚ\Desktop\DojoAndNinjas\DojoNinjas\src\test\resources
2022-11-07 14:43:41,241 [Worker-22: Launching DojoNinjas - DojoNinjasApplication] INFO  o.e.m.c.i.embedder.EclipseLogger - Using 'UTF-8' encoding to copy filtered resources.
2022-11-07 14:43:41,241 [Worker-22: Launching DojoNinjas - DojoNinjasApplication] INFO  o.e.m.c.i.embedder.EclipseLogger - Using 'UTF-8' encoding to copy filtered properties files.
2022-11-07 14:43:41,243 [Worker-22: Launching DojoNinjas - DojoNinjasApplication] INFO  o.e.m.c.i.embedder.EclipseLogger - Copying 1 resource
2022-11-07 14:43:41,275 [Worker-22: Launching DojoNinjas - DojoNinjasApplication] INFO  o.e.m.c.i.embedder.EclipseLogger - Copying 0 resource
2022-11-07 14:43:41,281 [Worker-22: Launching DojoNinjas - DojoNinjasApplication] INFO  o.e.m.c.i.embedder.EclipseLogger - Using 'UTF-8' encoding to copy filtered resources.
2022-11-07 14:43:41,282 [Worker-22: Launching DojoNinjas - DojoNinjasApplication] INFO  o.e.m.c.i.embedder.EclipseLogger - Using 'UTF-8' encoding to copy filtered properties files.
2022-11-07 14:43:41,282 [Worker-22: Launching DojoNinjas - DojoNinjasApplication] INFO  o.e.m.c.i.embedder.EclipseLogger - skip non existing resourceDirectory C:\Users\ÇÈÏÇÚ\Desktop\DojoAndNinjas\DojoNinjas\src\test\resources
2022-11-07 14:45:32,535 [Worker-21: Launching DojoNinjas - DojoNinjasApplication] INFO  o.e.m.c.i.embedder.EclipseLogger - Using 'UTF-8' encoding to copy filtered resources.
2022-11-07 14:45:32,536 [Worker-21: Launching DojoNinjas - DojoNinjasApplication] INFO  o.e.m.c.i.embedder.EclipseLogger - Using 'UTF-8' encoding to copy filtered properties files.
2022-11-07 14:45:32,538 [Worker-21: Launching DojoNinjas - DojoNinjasApplication] INFO  o.e.m.c.i.embedder.EclipseLogger - Copying 1 resource
2022-11-07 14:45:32,549 [Worker-21: Launching DojoNinjas - DojoNinjasApplication] INFO  o.e.m.c.i.embedder.EclipseLogger - Copying 0 resource
2022-11-07 14:45:32,554 [Worker-21: Launching DojoNinjas - DojoNinjasApplication] INFO  o.e.m.c.i.embedder.EclipseLogger - Using 'UTF-8' encoding to copy filtered resources.
2022-11-07 14:45:32,554 [Worker-21: Launching DojoNinjas - DojoNinjasApplication] INFO  o.e.m.c.i.embedder.EclipseLogger - Using 'UTF-8' encoding to copy filtered properties files.
2022-11-07 14:45:32,555 [Worker-21: Launching DojoNinjas - DojoNinjasApplication] INFO  o.e.m.c.i.embedder.EclipseLogger - skip non existing resourceDirectory C:\Users\ÇÈÏÇÚ\Desktop\DojoAndNinjas\DojoNinjas\src\test\resources
2022-11-07 14:46:15,156 [Worker-24: Launching DojoNinjas - DojoNinjasApplication] INFO  o.e.m.c.i.embedder.EclipseLogger - Using 'UTF-8' encoding to copy filtered resources.
2022-11-07 14:46:15,156 [Worker-24: Launching DojoNinjas - DojoNinjasApplication] INFO  o.e.m.c.i.embedder.EclipseLogger - Using 'UTF-8' encoding to copy filtered properties files.
2022-11-07 14:46:15,157 [Worker-24: Launching DojoNinjas - DojoNinjasApplication] INFO  o.e.m.c.i.embedder.EclipseLogger - Copying 0 resource
2022-11-07 14:46:15,158 [Worker-24: Launching DojoNinjas - DojoNinjasApplication] INFO  o.e.m.c.i.embedder.EclipseLogger - Copying 0 resource
2022-11-07 14:46:15,164 [Worker-24: Launching DojoNinjas - DojoNinjasApplication] INFO  o.e.m.c.i.embedder.EclipseLogger - Using 'UTF-8' encoding to copy filtered resources.
2022-11-07 14:46:15,164 [Worker-24: Launching DojoNinjas - DojoNinjasApplication] INFO  o.e.m.c.i.embedder.EclipseLogger - Using 'UTF-8' encoding to copy filtered properties files.
2022-11-07 14:46:15,164 [Worker-24: Launching DojoNinjas - DojoNinjasApplication] INFO  o.e.m.c.i.embedder.EclipseLogger - skip non existing resourceDirectory C:\Users\ÇÈÏÇÚ\Desktop\DojoAndNinjas\DojoNinjas\src\test\resources
2022-11-07 14:46:41,389 [Worker-16: Launching DojoNinjas - DojoNinjasApplication] INFO  o.e.m.c.i.embedder.EclipseLogger - Using 'UTF-8' encoding to copy filtered resources.
2022-11-07 14:46:41,390 [Worker-16: Launching DojoNinjas - DojoNinjasApplication] INFO  o.e.m.c.i.embedder.EclipseLogger - Using 'UTF-8' encoding to copy filtered properties files.
2022-11-07 14:46:41,390 [Worker-16: Launching DojoNinjas - DojoNinjasApplication] INFO  o.e.m.c.i.embedder.EclipseLogger - Copying 0 resource
2022-11-07 14:46:41,391 [Worker-16: Launching DojoNinjas - DojoNinjasApplication] INFO  o.e.m.c.i.embedder.EclipseLogger - Copying 0 resource
2022-11-07 14:46:41,397 [Worker-16: Launching DojoNinjas - DojoNinjasApplication] INFO  o.e.m.c.i.embedder.EclipseLogger - Using 'UTF-8' encoding to copy filtered resources.
2022-11-07 14:46:41,397 [Worker-16: Launching DojoNinjas - DojoNinjasApplication] INFO  o.e.m.c.i.embedder.EclipseLogger - Using 'UTF-8' encoding to copy filtered properties files.
2022-11-07 14:46:41,397 [Worker-16: Launching DojoNinjas - DojoNinjasApplication] INFO  o.e.m.c.i.embedder.EclipseLogger - skip non existing resourceDirectory C:\Users\ÇÈÏÇÚ\Desktop\DojoAndNinjas\DojoNinjas\src\test\resources
2022-11-07 14:48:18,368 [Worker-16: Launching DojoNinjas - DojoNinjasApplication] INFO  o.e.m.c.i.embedder.EclipseLogger - Using 'UTF-8' encoding to copy filtered resources.
2022-11-07 14:48:18,368 [Worker-16: Launching DojoNinjas - DojoNinjasApplication] INFO  o.e.m.c.i.embedder.EclipseLogger - Using 'UTF-8' encoding to copy filtered properties files.
2022-11-07 14:48:18,370 [Worker-16: Launching DojoNinjas - DojoNinjasApplication] INFO  o.e.m.c.i.embedder.EclipseLogger - Copying 1 resource
2022-11-07 14:48:18,400 [Worker-16: Launching DojoNinjas - DojoNinjasApplication] INFO  o.e.m.c.i.embedder.EclipseLogger - Copying 0 resource
2022-11-07 14:48:18,406 [Worker-16: Launching DojoNinjas - DojoNinjasApplication] INFO  o.e.m.c.i.embedder.EclipseLogger - Using 'UTF-8' encoding to copy filtered resources.
2022-11-07 14:48:18,406 [Worker-16: Launching DojoNinjas - DojoNinjasApplication] INFO  o.e.m.c.i.embedder.EclipseLogger - Using 'UTF-8' encoding to copy filtered properties files.
2022-11-07 14:48:18,406 [Worker-16: Launching DojoNinjas - DojoNinjasApplication] INFO  o.e.m.c.i.embedder.EclipseLogger - skip non existing resourceDirectory C:\Users\ÇÈÏÇÚ\Desktop\DojoAndNinjas\DojoNinjas\src\test\resources
2022-11-07 14:48:45,989 [Worker-24: Launching DojoNinjas - DojoNinjasApplication] INFO  o.e.m.c.i.embedder.EclipseLogger - Using 'UTF-8' encoding to copy filtered resources.
2022-11-07 14:48:45,989 [Worker-24: Launching DojoNinjas - DojoNinjasApplication] INFO  o.e.m.c.i.embedder.EclipseLogger - Using 'UTF-8' encoding to copy filtered properties files.
2022-11-07 14:48:45,990 [Worker-24: Launching DojoNinjas - DojoNinjasApplication] INFO  o.e.m.c.i.embedder.EclipseLogger - Copying 0 resource
2022-11-07 14:48:45,990 [Worker-24: Launching DojoNinjas - DojoNinjasApplication] INFO  o.e.m.c.i.embedder.EclipseLogger - Copying 0 resource
2022-11-07 14:48:45,996 [Worker-24: Launching DojoNinjas - DojoNinjasApplication] INFO  o.e.m.c.i.embedder.EclipseLogger - Using 'UTF-8' encoding to copy filtered resources.
2022-11-07 14:48:45,996 [Worker-24: Launching DojoNinjas - DojoNinjasApplication] INFO  o.e.m.c.i.embedder.EclipseLogger - Using 'UTF-8' encoding to copy filtered properties files.
2022-11-07 14:48:45,996 [Worker-24: Launching DojoNinjas - DojoNinjasApplication] INFO  o.e.m.c.i.embedder.EclipseLogger - skip non existing resourceDirectory C:\Users\ÇÈÏÇÚ\Desktop\DojoAndNinjas\DojoNinjas\src\test\resources
2022-11-07 14:51:13,467 [Worker-27: Launching DojoNinjas - DojoNinjasApplication] INFO  o.e.m.c.i.embedder.EclipseLogger - Using 'UTF-8' encoding to copy filtered resources.
2022-11-07 14:51:13,468 [Worker-27: Launching DojoNinjas - DojoNinjasApplication] INFO  o.e.m.c.i.embedder.EclipseLogger - Using 'UTF-8' encoding to copy filtered properties files.
2022-11-07 14:51:13,468 [Worker-27: Launching DojoNinjas - DojoNinjasApplication] INFO  o.e.m.c.i.embedder.EclipseLogger - Copying 0 resource
2022-11-07 14:51:13,469 [Worker-27: Launching DojoNinjas - DojoNinjasApplication] INFO  o.e.m.c.i.embedder.EclipseLogger - Copying 0 resource
2022-11-07 14:51:13,474 [Worker-27: Launching DojoNinjas - DojoNinjasApplication] INFO  o.e.m.c.i.embedder.EclipseLogger - Using 'UTF-8' encoding to copy filtered resources.
2022-11-07 14:51:13,474 [Worker-27: Launching DojoNinjas - DojoNinjasApplication] INFO  o.e.m.c.i.embedder.EclipseLogger - Using 'UTF-8' encoding to copy filtered properties files.
2022-11-07 14:51:13,474 [Worker-27: Launching DojoNinjas - DojoNinjasApplication] INFO  o.e.m.c.i.embedder.EclipseLogger - skip non existing resourceDirectory C:\Users\ÇÈÏÇÚ\Desktop\DojoAndNinjas\DojoNinjas\src\test\resources
2022-11-07 14:52:34,218 [Worker-30: Launching DojoNinjas - DojoNinjasApplication] INFO  o.e.m.c.i.embedder.EclipseLogger - Using 'UTF-8' encoding to copy filtered resources.
2022-11-07 14:52:34,219 [Worker-30: Launching DojoNinjas - DojoNinjasApplication] INFO  o.e.m.c.i.embedder.EclipseLogger - Using 'UTF-8' encoding to copy filtered properties files.
2022-11-07 14:52:34,220 [Worker-30: Launching DojoNinjas - DojoNinjasApplication] INFO  o.e.m.c.i.embedder.EclipseLogger - Copying 0 resource
2022-11-07 14:52:34,220 [Worker-30: Launching DojoNinjas - DojoNinjasApplication] INFO  o.e.m.c.i.embedder.EclipseLogger - Copying 0 resource
2022-11-07 14:52:34,225 [Worker-30: Launching DojoNinjas - DojoNinjasApplication] INFO  o.e.m.c.i.embedder.EclipseLogger - Using 'UTF-8' encoding to copy filtered resources.
2022-11-07 14:52:34,225 [Worker-30: Launching DojoNinjas - DojoNinjasApplication] INFO  o.e.m.c.i.embedder.EclipseLogger - Using 'UTF-8' encoding to copy filtered properties files.
2022-11-07 14:52:34,226 [Worker-30: Launching DojoNinjas - DojoNinjasApplication] INFO  o.e.m.c.i.embedder.EclipseLogger - skip non existing resourceDirectory C:\Users\ÇÈÏÇÚ\Desktop\DojoAndNinjas\DojoNinjas\src\test\resources
2022-11-07 14:52:57,826 [Worker-27: Launching DojoNinjas - DojoNinjasApplication] INFO  o.e.m.c.i.embedder.EclipseLogger - Using 'UTF-8' encoding to copy filtered resources.
2022-11-07 14:52:57,826 [Worker-27: Launching DojoNinjas - DojoNinjasApplication] INFO  o.e.m.c.i.embedder.EclipseLogger - Using 'UTF-8' encoding to copy filtered properties files.
2022-11-07 14:52:57,827 [Worker-27: Launching DojoNinjas - DojoNinjasApplication] INFO  o.e.m.c.i.embedder.EclipseLogger - Copying 0 resource
2022-11-07 14:52:57,827 [Worker-27: Launching DojoNinjas - DojoNinjasApplication] INFO  o.e.m.c.i.embedder.EclipseLogger - Copying 0 resource
2022-11-07 14:52:57,833 [Worker-27: Launching DojoNinjas - DojoNinjasApplication] INFO  o.e.m.c.i.embedder.EclipseLogger - Using 'UTF-8' encoding to copy filtered resources.
2022-11-07 14:52:57,833 [Worker-27: Launching DojoNinjas - DojoNinjasApplication] INFO  o.e.m.c.i.embedder.EclipseLogger - Using 'UTF-8' encoding to copy filtered properties files.
2022-11-07 14:52:57,833 [Worker-27: Launching DojoNinjas - DojoNinjasApplication] INFO  o.e.m.c.i.embedder.EclipseLogger - skip non existing resourceDirectory C:\Users\ÇÈÏÇÚ\Desktop\DojoAndNinjas\DojoNinjas\src\test\resources
2022-11-07 14:55:04,292 [Worker-31: Launching DojoNinjas - DojoNinjasApplication] INFO  o.e.m.c.i.embedder.EclipseLogger - Using 'UTF-8' encoding to copy filtered resources.
2022-11-07 14:55:04,293 [Worker-31: Launching DojoNinjas - DojoNinjasApplication] INFO  o.e.m.c.i.embedder.EclipseLogger - Using 'UTF-8' encoding to copy filtered properties files.
2022-11-07 14:55:04,294 [Worker-31: Launching DojoNinjas - DojoNinjasApplication] INFO  o.e.m.c.i.embedder.EclipseLogger - Copying 0 resource
2022-11-07 14:55:04,294 [Worker-31: Launching DojoNinjas - DojoNinjasApplication] INFO  o.e.m.c.i.embedder.EclipseLogger - Copying 0 resource
2022-11-07 14:55:04,300 [Worker-31: Launching DojoNinjas - DojoNinjasApplication] INFO  o.e.m.c.i.embedder.EclipseLogger - Using 'UTF-8' encoding to copy filtered resources.
2022-11-07 14:55:04,300 [Worker-31: Launching DojoNinjas - DojoNinjasApplication] INFO  o.e.m.c.i.embedder.EclipseLogger - Using 'UTF-8' encoding to copy filtered properties files.
2022-11-07 14:55:04,300 [Worker-31: Launching DojoNinjas - DojoNinjasApplication] INFO  o.e.m.c.i.embedder.EclipseLogger - skip non existing resourceDirectory C:\Users\ÇÈÏÇÚ\Desktop\DojoAndNinjas\DojoNinjas\src\test\resources
2022-11-07 15:06:32,284 [Worker-33: Building] INFO  o.e.m.c.i.embedder.EclipseLogger - Using 'UTF-8' encoding to copy filtered resources.
2022-11-07 15:06:32,285 [Worker-33: Building] INFO  o.e.m.c.i.embedder.EclipseLogger - Using 'UTF-8' encoding to copy filtered properties files.
2022-11-07 15:06:32,285 [Worker-33: Building] INFO  o.e.m.c.i.embedder.EclipseLogger - Copying 0 resource
2022-11-07 15:06:32,286 [Worker-33: Building] INFO  o.e.m.c.i.embedder.EclipseLogger - Copying 0 resource
2022-11-07 15:06:32,295 [Worker-33: Building] INFO  o.e.m.c.i.embedder.EclipseLogger - Using 'UTF-8' encoding to copy filtered resources.
2022-11-07 15:06:32,296 [Worker-33: Building] INFO  o.e.m.c.i.embedder.EclipseLogger - Using 'UTF-8' encoding to copy filtered properties files.
2022-11-07 15:06:32,296 [Worker-33: Building] INFO  o.e.m.c.i.embedder.EclipseLogger - skip non existing resourceDirectory C:\Users\ÇÈÏÇÚ\Desktop\DojoAndNinjas\DojoNinjas\src\test\resources
2022-11-07 15:12:25,378 [Worker-37: Launching DojoNinjas - DojoNinjasApplication] INFO  o.e.m.c.i.embedder.EclipseLogger - Using 'UTF-8' encoding to copy filtered resources.
2022-11-07 15:12:25,379 [Worker-37: Launching DojoNinjas - DojoNinjasApplication] INFO  o.e.m.c.i.embedder.EclipseLogger - Using 'UTF-8' encoding to copy filtered properties files.
2022-11-07 15:12:25,381 [Worker-37: Launching DojoNinjas - DojoNinjasApplication] INFO  o.e.m.c.i.embedder.EclipseLogger - Copying 1 resource
2022-11-07 15:12:25,399 [Worker-37: Launching DojoNinjas - DojoNinjasApplication] INFO  o.e.m.c.i.embedder.EclipseLogger - Copying 0 resource
2022-11-07 15:12:25,404 [Worker-37: Launching DojoNinjas - DojoNinjasApplication] INFO  o.e.m.c.i.embedder.EclipseLogger - Using 'UTF-8' encoding to copy filtered resources.
2022-11-07 15:12:25,404 [Worker-37: Launching DojoNinjas - DojoNinjasApplication] INFO  o.e.m.c.i.embedder.EclipseLogger - Using 'UTF-8' encoding to copy filtered properties files.
2022-11-07 15:12:25,404 [Worker-37: Launching DojoNinjas - DojoNinjasApplication] INFO  o.e.m.c.i.embedder.EclipseLogger - skip non existing resourceDirectory C:\Users\ÇÈÏÇÚ\Desktop\DojoAndNinjas\DojoNinjas\src\test\resources
